<html>
<head>
<title>TestNG:  Surefire test</title>
<link href="../testng.css" rel="stylesheet" type="text/css" />
<link href="../my-testng.css" rel="stylesheet" type="text/css" />

<style type="text/css">
.log { display: none;} 
.stack-trace { display: none;} 
</style>
<script type="text/javascript">
<!--
function flip(e) {
  current = e.style.display;
  if (current == 'block') {
    e.style.display = 'none';
    return 0;
  }
  else {
    e.style.display = 'block';
    return 1;
  }
}

function toggleBox(szDivId, elem, msg1, msg2)
{
  var res = -1;  if (document.getElementById) {
    res = flip(document.getElementById(szDivId));
  }
  else if (document.all) {
    // this is the way old msie versions work
    res = flip(document.all[szDivId]);
  }
  if(elem) {
    if(res == 0) elem.innerHTML = msg1; else elem.innerHTML = msg2;
  }

}

function toggleAllBoxes() {
  if (document.getElementsByTagName) {
    d = document.getElementsByTagName('div');
    for (i = 0; i < d.length; i++) {
      if (d[i].className == 'log') {
        flip(d[i]);
      }
    }
  }
}

// -->
</script>

</head>
<body>
<h2 align='center'>Surefire test</h2><table border='1' align="center">
<tr>
<td>Tests passed/Failed/Skipped:</td><td>0/3/0</td>
</tr><tr>
<td>Started on:</td><td>Fri Mar 08 11:26:39 IST 2024</td>
</tr>
<tr><td>Total time:</td><td>1 seconds (1523 ms)</td>
</tr><tr>
<td>Included groups:</td><td></td>
</tr><tr>
<td>Excluded groups:</td><td></td>
</tr>
</table><p/>
<small><i>(Hover the method name to see the test class name)</i></small><p/>
<table width='100%' border='1' class='invocation-failed'>
<tr><td colspan='4' align='center'><b>FAILED TESTS</b></td></tr>
<tr><td><b>Test method</b></td>
<td width="30%"><b>Exception</b></td>
<td width="10%"><b>Time (seconds)</b></td>
<td><b>Instance</b></td>
</tr>
<tr>
<td title='RunCukesTest.runScenario()'><b>runScenario</b><br>Test class: RunCukesTest<br>Test method: Runs Cucumber Scenarios<br>Parameters: "Creating a Business Opportunities", "Optional[Basic Opportunity flows]"</td>
<td><div><pre>com.google.inject.ProvisionException: Unable to provision, see the following errors:

1) [Guice/ErrorInjectingConstructor]: PegaWebDriverException: Please check for Global Settings Properties file path
Build info: version: &apos;4.2.2&apos;, revision: &apos;683ccb65d6&apos;
System info: host: &apos;JAYABALAJI&apos;, ip: &apos;192.168.1.54&apos;, os.name: &apos;Windows 11&apos;, os.arch: &apos;amd64&apos;, os.version: &apos;10.0&apos;, java.version: &apos;21.0.2&apos;
Driver info: driver.version: unknown
  at CRMTestEnvironment.&lt;init&gt;(CRMTestEnvironment.java:42)
  at CRMTestEnvironment.class(CRMTestEnvironment.java:42)
  while locating CRMTestEnvironment

Learn more:
  https://github.com/google/guice/wiki/ERROR_INJECTING_CONSTRUCTOR

1 error

======================
Full classname legend:
======================
CRMTestEnvironment:     &quot;com.pega.CRMTestEnvironment&quot;
PegaWebDriverException: &quot;com.pega.exceptions.PegaWebDriverException&quot;
========================
End of classname legend:
========================

	at com.google.inject.internal.InternalProvisionException.toProvisionException(InternalProvisionException.java:251)
	at com.google.inject.internal.InjectorImpl$1.get(InjectorImpl.java:1151)
	at com.google.inject.internal.InjectorImpl.getInstance(InjectorImpl.java:1186)
	at io.cucumber.guice.GuiceFactory.getInstance(GuiceFactory.java:83)
	at io.cucumber.java.AbstractGlueDefinition.invokeMethod(AbstractGlueDefinition.java:47)
	at io.cucumber.java.JavaHookDefinition.execute(JavaHookDefinition.java:64)
	at io.cucumber.core.runner.CoreHookDefinition.execute(CoreHookDefinition.java:46)
	at io.cucumber.core.runner.HookDefinitionMatch.runStep(HookDefinitionMatch.java:21)
	at io.cucumber.core.runner.ExecutionMode$1.execute(ExecutionMode.java:10)
	at io.cucumber.core.runner.TestStep.executeStep(TestStep.java:86)
	at io.cucumber.core.runner.TestStep.run(TestStep.java:57)
	at io.cucumber.core.runner.TestCase.run(TestCase.java:89)
	at io.cucumber.core.runner.Runner.runPickle(Runner.java:75)
	at io.cucumber.testng.TestNGCucumberRunner.lambda$runScenario$1(TestNGCucumberRunner.java:132)
	at io.cucumber.core.runtime.CucumberExecutionContext.lambda$runTestCase$3(CucumberExecutionContext.java:151)
	at io.cucumber.core.runtime.RethrowingThrowableCollector.executeAndThrow(RethrowingThrowableCollector.java:23)
	at io.cucumber.core.runtime.CucumberExecutionContext.runTestCase(CucumberExecutionContext.java:151)
	at io.cucumber.testng.TestNGCucumberRunner.runScenario(TestNGCucumberRunner.java:129)
	at io.cucumber.testng.AbstractTestNGCucumberTests.runScenario(AbstractTestNGCucumberTests.java:35)
	at java.base/java.util.ArrayList.forEach(ArrayList.java:1596)
Caused by: com.pega.exceptions.PegaWebDriverException: Please check for Global Settings Properties file path
Build info: version: &apos;4.2.2&apos;, revision: &apos;683ccb65d6&apos;
System info: host: &apos;JAYABALAJI&apos;, ip: &apos;192.168.1.54&apos;, os.name: &apos;Windows 11&apos;, os.arch: &apos;amd64&apos;, os.version: &apos;10.0&apos;, java.version: &apos;21.0.2&apos;
Driver info: driver.version: unknown
	at com.pega.ConfigurationImpl.&lt;init&gt;(ConfigurationImpl.java:62)
	at com.pega.TestEnvironmentImpl.getConfiguration(TestEnvironmentImpl.java:308)
	at com.pega.TestEnvironmentImpl.&lt;init&gt;(TestEnvironmentImpl.java:79)
	at com.pega.config.test.TestBase.&lt;init&gt;(TestBase.java:41)
	at com.pega.CRMTestEnvironment.&lt;init&gt;(CRMTestEnvironment.java:42)
	at com.pega.CRMTestEnvironment$$FastClassByGuice$$2054c.GUICE$TRAMPOLINE(&lt;generated&gt;)
	at com.pega.CRMTestEnvironment$$FastClassByGuice$$2054c.apply(&lt;generated&gt;)
	at com.google.inject.internal.DefaultConstructionProxyFactory$FastClassProxy.newInstance(DefaultConstructionProxyFactory.java:82)
	at com.google.inject.internal.ConstructorInjector.provision(ConstructorInjector.java:114)
	at com.google.inject.internal.ConstructorInjector.construct(ConstructorInjector.java:91)
	at com.google.inject.internal.ConstructorBindingImpl$Factory.get(ConstructorBindingImpl.java:300)
	at com.google.inject.internal.ProviderToInternalFactoryAdapter.get(ProviderToInternalFactoryAdapter.java:40)
	at io.cucumber.guice.SequentialScenarioScope.lambda$scope$0(SequentialScenarioScope.java:40)
	at com.google.inject.internal.InternalFactoryToProviderAdapter.get(InternalFactoryToProviderAdapter.java:45)
	at com.google.inject.internal.InjectorImpl$1.get(InjectorImpl.java:1148)
	... 48 more
Caused by: java.io.FileNotFoundException: Data\GlobalProperties.properties (The system cannot find the file specified)
	at java.base/java.io.FileInputStream.open0(Native Method)
	at java.base/java.io.FileInputStream.open(FileInputStream.java:213)
	at java.base/java.io.FileInputStream.&lt;init&gt;(FileInputStream.java:152)
	at com.pega.ConfigurationImpl.&lt;init&gt;(ConfigurationImpl.java:60)
	... 62 more
... Removed 30 stack frames</pre></div><a href='#' onClick='toggleBox("stack-trace17808347", this, "Click to show all stack frames", "Click to hide stack frames")'>Click to show all stack frames</a>
<div class='stack-trace' id='stack-trace17808347'><pre>com.google.inject.ProvisionException: Unable to provision, see the following errors:

1) [Guice/ErrorInjectingConstructor]: PegaWebDriverException: Please check for Global Settings Properties file path
Build info: version: &apos;4.2.2&apos;, revision: &apos;683ccb65d6&apos;
System info: host: &apos;JAYABALAJI&apos;, ip: &apos;192.168.1.54&apos;, os.name: &apos;Windows 11&apos;, os.arch: &apos;amd64&apos;, os.version: &apos;10.0&apos;, java.version: &apos;21.0.2&apos;
Driver info: driver.version: unknown
  at CRMTestEnvironment.&lt;init&gt;(CRMTestEnvironment.java:42)
  at CRMTestEnvironment.class(CRMTestEnvironment.java:42)
  while locating CRMTestEnvironment

Learn more:
  https://github.com/google/guice/wiki/ERROR_INJECTING_CONSTRUCTOR

1 error

======================
Full classname legend:
======================
CRMTestEnvironment:     &quot;com.pega.CRMTestEnvironment&quot;
PegaWebDriverException: &quot;com.pega.exceptions.PegaWebDriverException&quot;
========================
End of classname legend:
========================

	at com.google.inject.internal.InternalProvisionException.toProvisionException(InternalProvisionException.java:251)
	at com.google.inject.internal.InjectorImpl$1.get(InjectorImpl.java:1151)
	at com.google.inject.internal.InjectorImpl.getInstance(InjectorImpl.java:1186)
	at io.cucumber.guice.GuiceFactory.getInstance(GuiceFactory.java:83)
	at io.cucumber.java.AbstractGlueDefinition.invokeMethod(AbstractGlueDefinition.java:47)
	at io.cucumber.java.JavaHookDefinition.execute(JavaHookDefinition.java:64)
	at io.cucumber.core.runner.CoreHookDefinition.execute(CoreHookDefinition.java:46)
	at io.cucumber.core.runner.HookDefinitionMatch.runStep(HookDefinitionMatch.java:21)
	at io.cucumber.core.runner.ExecutionMode$1.execute(ExecutionMode.java:10)
	at io.cucumber.core.runner.TestStep.executeStep(TestStep.java:86)
	at io.cucumber.core.runner.TestStep.run(TestStep.java:57)
	at io.cucumber.core.runner.TestCase.run(TestCase.java:89)
	at io.cucumber.core.runner.Runner.runPickle(Runner.java:75)
	at io.cucumber.testng.TestNGCucumberRunner.lambda$runScenario$1(TestNGCucumberRunner.java:132)
	at io.cucumber.core.runtime.CucumberExecutionContext.lambda$runTestCase$3(CucumberExecutionContext.java:151)
	at io.cucumber.core.runtime.RethrowingThrowableCollector.executeAndThrow(RethrowingThrowableCollector.java:23)
	at io.cucumber.core.runtime.CucumberExecutionContext.runTestCase(CucumberExecutionContext.java:151)
	at io.cucumber.testng.TestNGCucumberRunner.runScenario(TestNGCucumberRunner.java:129)
	at io.cucumber.testng.AbstractTestNGCucumberTests.runScenario(AbstractTestNGCucumberTests.java:35)
	at java.base/jdk.internal.reflect.DirectMethodHandleAccessor.invoke(DirectMethodHandleAccessor.java:103)
	at java.base/java.lang.reflect.Method.invoke(Method.java:580)
	at org.testng.internal.MethodInvocationHelper.invokeMethod(MethodInvocationHelper.java:132)
	at org.testng.internal.TestInvoker.invokeMethod(TestInvoker.java:599)
	at org.testng.internal.TestInvoker.invokeTestMethod(TestInvoker.java:174)
	at org.testng.internal.MethodRunner.runInSequence(MethodRunner.java:46)
	at org.testng.internal.TestInvoker$MethodInvocationAgent.invoke(TestInvoker.java:822)
	at org.testng.internal.TestInvoker.invokeTestMethods(TestInvoker.java:147)
	at org.testng.internal.TestMethodWorker.invokeTestMethods(TestMethodWorker.java:146)
	at org.testng.internal.TestMethodWorker.run(TestMethodWorker.java:128)
	at java.base/java.util.ArrayList.forEach(ArrayList.java:1596)
	at org.testng.TestRunner.privateRun(TestRunner.java:764)
	at org.testng.TestRunner.run(TestRunner.java:585)
	at org.testng.SuiteRunner.runTest(SuiteRunner.java:384)
	at org.testng.SuiteRunner.runSequentially(SuiteRunner.java:378)
	at org.testng.SuiteRunner.privateRun(SuiteRunner.java:337)
	at org.testng.SuiteRunner.run(SuiteRunner.java:286)
	at org.testng.SuiteRunnerWorker.runSuite(SuiteRunnerWorker.java:53)
	at org.testng.SuiteRunnerWorker.run(SuiteRunnerWorker.java:96)
	at org.testng.TestNG.runSuitesSequentially(TestNG.java:1218)
	at org.testng.TestNG.runSuitesLocally(TestNG.java:1140)
	at org.testng.TestNG.runSuites(TestNG.java:1069)
	at org.testng.TestNG.run(TestNG.java:1037)
	at org.apache.maven.surefire.testng.TestNGExecutor.run(TestNGExecutor.java:151)
	at org.apache.maven.surefire.testng.TestNGDirectoryTestSuite.executeMulti(TestNGDirectoryTestSuite.java:192)
	at org.apache.maven.surefire.testng.TestNGDirectoryTestSuite.execute(TestNGDirectoryTestSuite.java:93)
	at org.apache.maven.surefire.testng.TestNGProvider.invoke(TestNGProvider.java:155)
	at org.apache.maven.surefire.booter.ForkedBooter.runSuitesInProcess(ForkedBooter.java:456)
	at org.apache.maven.surefire.booter.ForkedBooter.execute(ForkedBooter.java:169)
	at org.apache.maven.surefire.booter.ForkedBooter.run(ForkedBooter.java:595)
	at org.apache.maven.surefire.booter.ForkedBooter.main(ForkedBooter.java:581)
Caused by: com.pega.exceptions.PegaWebDriverException: Please check for Global Settings Properties file path
Build info: version: &apos;4.2.2&apos;, revision: &apos;683ccb65d6&apos;
System info: host: &apos;JAYABALAJI&apos;, ip: &apos;192.168.1.54&apos;, os.name: &apos;Windows 11&apos;, os.arch: &apos;amd64&apos;, os.version: &apos;10.0&apos;, java.version: &apos;21.0.2&apos;
Driver info: driver.version: unknown
	at com.pega.ConfigurationImpl.&lt;init&gt;(ConfigurationImpl.java:62)
	at com.pega.TestEnvironmentImpl.getConfiguration(TestEnvironmentImpl.java:308)
	at com.pega.TestEnvironmentImpl.&lt;init&gt;(TestEnvironmentImpl.java:79)
	at com.pega.config.test.TestBase.&lt;init&gt;(TestBase.java:41)
	at com.pega.CRMTestEnvironment.&lt;init&gt;(CRMTestEnvironment.java:42)
	at com.pega.CRMTestEnvironment$$FastClassByGuice$$2054c.GUICE$TRAMPOLINE(&lt;generated&gt;)
	at com.pega.CRMTestEnvironment$$FastClassByGuice$$2054c.apply(&lt;generated&gt;)
	at com.google.inject.internal.DefaultConstructionProxyFactory$FastClassProxy.newInstance(DefaultConstructionProxyFactory.java:82)
	at com.google.inject.internal.ConstructorInjector.provision(ConstructorInjector.java:114)
	at com.google.inject.internal.ConstructorInjector.construct(ConstructorInjector.java:91)
	at com.google.inject.internal.ConstructorBindingImpl$Factory.get(ConstructorBindingImpl.java:300)
	at com.google.inject.internal.ProviderToInternalFactoryAdapter.get(ProviderToInternalFactoryAdapter.java:40)
	at io.cucumber.guice.SequentialScenarioScope.lambda$scope$0(SequentialScenarioScope.java:40)
	at com.google.inject.internal.InternalFactoryToProviderAdapter.get(InternalFactoryToProviderAdapter.java:45)
	at com.google.inject.internal.InjectorImpl$1.get(InjectorImpl.java:1148)
	... 48 more
Caused by: java.io.FileNotFoundException: Data\GlobalProperties.properties (The system cannot find the file specified)
	at java.base/java.io.FileInputStream.open0(Native Method)
	at java.base/java.io.FileInputStream.open(FileInputStream.java:213)
	at java.base/java.io.FileInputStream.&lt;init&gt;(FileInputStream.java:152)
	at com.pega.ConfigurationImpl.&lt;init&gt;(ConfigurationImpl.java:60)
	... 62 more
</pre></div></td>
<td>0</td>
<td>RunCukesTest@6d2a209c</td></tr>
<tr>
<td title='RunCukesTest.runScenario()'><b>runScenario</b><br>Test class: RunCukesTest<br>Test method: Runs Cucumber Scenarios<br>Parameters: "Updating the Stage of the "Business" opportunity", "Optional[Basic Opportunity flows]"</td>
<td><div><pre>com.google.inject.ProvisionException: Unable to provision, see the following errors:

1) [Guice/ErrorInjectingConstructor]: PegaWebDriverException: Please check for Global Settings Properties file path
Build info: version: &apos;4.2.2&apos;, revision: &apos;683ccb65d6&apos;
System info: host: &apos;JAYABALAJI&apos;, ip: &apos;192.168.1.54&apos;, os.name: &apos;Windows 11&apos;, os.arch: &apos;amd64&apos;, os.version: &apos;10.0&apos;, java.version: &apos;21.0.2&apos;
Driver info: driver.version: unknown
  at CRMTestEnvironment.&lt;init&gt;(CRMTestEnvironment.java:42)
  at CRMTestEnvironment.class(CRMTestEnvironment.java:42)
  while locating CRMTestEnvironment

Learn more:
  https://github.com/google/guice/wiki/ERROR_INJECTING_CONSTRUCTOR

1 error

======================
Full classname legend:
======================
CRMTestEnvironment:     &quot;com.pega.CRMTestEnvironment&quot;
PegaWebDriverException: &quot;com.pega.exceptions.PegaWebDriverException&quot;
========================
End of classname legend:
========================

	at com.google.inject.internal.InternalProvisionException.toProvisionException(InternalProvisionException.java:251)
	at com.google.inject.internal.InjectorImpl$1.get(InjectorImpl.java:1151)
	at com.google.inject.internal.InjectorImpl.getInstance(InjectorImpl.java:1186)
	at io.cucumber.guice.GuiceFactory.getInstance(GuiceFactory.java:83)
	at io.cucumber.java.AbstractGlueDefinition.invokeMethod(AbstractGlueDefinition.java:47)
	at io.cucumber.java.JavaHookDefinition.execute(JavaHookDefinition.java:64)
	at io.cucumber.core.runner.CoreHookDefinition.execute(CoreHookDefinition.java:46)
	at io.cucumber.core.runner.HookDefinitionMatch.runStep(HookDefinitionMatch.java:21)
	at io.cucumber.core.runner.ExecutionMode$1.execute(ExecutionMode.java:10)
	at io.cucumber.core.runner.TestStep.executeStep(TestStep.java:86)
	at io.cucumber.core.runner.TestStep.run(TestStep.java:57)
	at io.cucumber.core.runner.TestCase.run(TestCase.java:89)
	at io.cucumber.core.runner.Runner.runPickle(Runner.java:75)
	at io.cucumber.testng.TestNGCucumberRunner.lambda$runScenario$1(TestNGCucumberRunner.java:132)
	at io.cucumber.core.runtime.CucumberExecutionContext.lambda$runTestCase$3(CucumberExecutionContext.java:151)
	at io.cucumber.core.runtime.RethrowingThrowableCollector.executeAndThrow(RethrowingThrowableCollector.java:23)
	at io.cucumber.core.runtime.CucumberExecutionContext.runTestCase(CucumberExecutionContext.java:151)
	at io.cucumber.testng.TestNGCucumberRunner.runScenario(TestNGCucumberRunner.java:129)
	at io.cucumber.testng.AbstractTestNGCucumberTests.runScenario(AbstractTestNGCucumberTests.java:35)
	at java.base/java.util.ArrayList.forEach(ArrayList.java:1596)
Caused by: com.pega.exceptions.PegaWebDriverException: Please check for Global Settings Properties file path
Build info: version: &apos;4.2.2&apos;, revision: &apos;683ccb65d6&apos;
System info: host: &apos;JAYABALAJI&apos;, ip: &apos;192.168.1.54&apos;, os.name: &apos;Windows 11&apos;, os.arch: &apos;amd64&apos;, os.version: &apos;10.0&apos;, java.version: &apos;21.0.2&apos;
Driver info: driver.version: unknown
	at com.pega.ConfigurationImpl.&lt;init&gt;(ConfigurationImpl.java:62)
	at com.pega.TestEnvironmentImpl.getConfiguration(TestEnvironmentImpl.java:308)
	at com.pega.TestEnvironmentImpl.&lt;init&gt;(TestEnvironmentImpl.java:79)
	at com.pega.config.test.TestBase.&lt;init&gt;(TestBase.java:41)
	at com.pega.CRMTestEnvironment.&lt;init&gt;(CRMTestEnvironment.java:42)
	at com.pega.CRMTestEnvironment$$FastClassByGuice$$2054c.GUICE$TRAMPOLINE(&lt;generated&gt;)
	at com.pega.CRMTestEnvironment$$FastClassByGuice$$2054c.apply(&lt;generated&gt;)
	at com.google.inject.internal.DefaultConstructionProxyFactory$FastClassProxy.newInstance(DefaultConstructionProxyFactory.java:82)
	at com.google.inject.internal.ConstructorInjector.provision(ConstructorInjector.java:114)
	at com.google.inject.internal.ConstructorInjector.construct(ConstructorInjector.java:91)
	at com.google.inject.internal.ConstructorBindingImpl$Factory.get(ConstructorBindingImpl.java:300)
	at com.google.inject.internal.ProviderToInternalFactoryAdapter.get(ProviderToInternalFactoryAdapter.java:40)
	at io.cucumber.guice.SequentialScenarioScope.lambda$scope$0(SequentialScenarioScope.java:40)
	at com.google.inject.internal.InternalFactoryToProviderAdapter.get(InternalFactoryToProviderAdapter.java:45)
	at com.google.inject.internal.InjectorImpl$1.get(InjectorImpl.java:1148)
	... 48 more
Caused by: java.io.FileNotFoundException: Data\GlobalProperties.properties (The system cannot find the file specified)
	at java.base/java.io.FileInputStream.open0(Native Method)
	at java.base/java.io.FileInputStream.open(FileInputStream.java:213)
	at java.base/java.io.FileInputStream.&lt;init&gt;(FileInputStream.java:152)
	at com.pega.ConfigurationImpl.&lt;init&gt;(ConfigurationImpl.java:60)
	... 62 more
... Removed 30 stack frames</pre></div><a href='#' onClick='toggleBox("stack-trace542019831", this, "Click to show all stack frames", "Click to hide stack frames")'>Click to show all stack frames</a>
<div class='stack-trace' id='stack-trace542019831'><pre>com.google.inject.ProvisionException: Unable to provision, see the following errors:

1) [Guice/ErrorInjectingConstructor]: PegaWebDriverException: Please check for Global Settings Properties file path
Build info: version: &apos;4.2.2&apos;, revision: &apos;683ccb65d6&apos;
System info: host: &apos;JAYABALAJI&apos;, ip: &apos;192.168.1.54&apos;, os.name: &apos;Windows 11&apos;, os.arch: &apos;amd64&apos;, os.version: &apos;10.0&apos;, java.version: &apos;21.0.2&apos;
Driver info: driver.version: unknown
  at CRMTestEnvironment.&lt;init&gt;(CRMTestEnvironment.java:42)
  at CRMTestEnvironment.class(CRMTestEnvironment.java:42)
  while locating CRMTestEnvironment

Learn more:
  https://github.com/google/guice/wiki/ERROR_INJECTING_CONSTRUCTOR

1 error

======================
Full classname legend:
======================
CRMTestEnvironment:     &quot;com.pega.CRMTestEnvironment&quot;
PegaWebDriverException: &quot;com.pega.exceptions.PegaWebDriverException&quot;
========================
End of classname legend:
========================

	at com.google.inject.internal.InternalProvisionException.toProvisionException(InternalProvisionException.java:251)
	at com.google.inject.internal.InjectorImpl$1.get(InjectorImpl.java:1151)
	at com.google.inject.internal.InjectorImpl.getInstance(InjectorImpl.java:1186)
	at io.cucumber.guice.GuiceFactory.getInstance(GuiceFactory.java:83)
	at io.cucumber.java.AbstractGlueDefinition.invokeMethod(AbstractGlueDefinition.java:47)
	at io.cucumber.java.JavaHookDefinition.execute(JavaHookDefinition.java:64)
	at io.cucumber.core.runner.CoreHookDefinition.execute(CoreHookDefinition.java:46)
	at io.cucumber.core.runner.HookDefinitionMatch.runStep(HookDefinitionMatch.java:21)
	at io.cucumber.core.runner.ExecutionMode$1.execute(ExecutionMode.java:10)
	at io.cucumber.core.runner.TestStep.executeStep(TestStep.java:86)
	at io.cucumber.core.runner.TestStep.run(TestStep.java:57)
	at io.cucumber.core.runner.TestCase.run(TestCase.java:89)
	at io.cucumber.core.runner.Runner.runPickle(Runner.java:75)
	at io.cucumber.testng.TestNGCucumberRunner.lambda$runScenario$1(TestNGCucumberRunner.java:132)
	at io.cucumber.core.runtime.CucumberExecutionContext.lambda$runTestCase$3(CucumberExecutionContext.java:151)
	at io.cucumber.core.runtime.RethrowingThrowableCollector.executeAndThrow(RethrowingThrowableCollector.java:23)
	at io.cucumber.core.runtime.CucumberExecutionContext.runTestCase(CucumberExecutionContext.java:151)
	at io.cucumber.testng.TestNGCucumberRunner.runScenario(TestNGCucumberRunner.java:129)
	at io.cucumber.testng.AbstractTestNGCucumberTests.runScenario(AbstractTestNGCucumberTests.java:35)
	at java.base/jdk.internal.reflect.DirectMethodHandleAccessor.invoke(DirectMethodHandleAccessor.java:103)
	at java.base/java.lang.reflect.Method.invoke(Method.java:580)
	at org.testng.internal.MethodInvocationHelper.invokeMethod(MethodInvocationHelper.java:132)
	at org.testng.internal.TestInvoker.invokeMethod(TestInvoker.java:599)
	at org.testng.internal.TestInvoker.invokeTestMethod(TestInvoker.java:174)
	at org.testng.internal.MethodRunner.runInSequence(MethodRunner.java:46)
	at org.testng.internal.TestInvoker$MethodInvocationAgent.invoke(TestInvoker.java:822)
	at org.testng.internal.TestInvoker.invokeTestMethods(TestInvoker.java:147)
	at org.testng.internal.TestMethodWorker.invokeTestMethods(TestMethodWorker.java:146)
	at org.testng.internal.TestMethodWorker.run(TestMethodWorker.java:128)
	at java.base/java.util.ArrayList.forEach(ArrayList.java:1596)
	at org.testng.TestRunner.privateRun(TestRunner.java:764)
	at org.testng.TestRunner.run(TestRunner.java:585)
	at org.testng.SuiteRunner.runTest(SuiteRunner.java:384)
	at org.testng.SuiteRunner.runSequentially(SuiteRunner.java:378)
	at org.testng.SuiteRunner.privateRun(SuiteRunner.java:337)
	at org.testng.SuiteRunner.run(SuiteRunner.java:286)
	at org.testng.SuiteRunnerWorker.runSuite(SuiteRunnerWorker.java:53)
	at org.testng.SuiteRunnerWorker.run(SuiteRunnerWorker.java:96)
	at org.testng.TestNG.runSuitesSequentially(TestNG.java:1218)
	at org.testng.TestNG.runSuitesLocally(TestNG.java:1140)
	at org.testng.TestNG.runSuites(TestNG.java:1069)
	at org.testng.TestNG.run(TestNG.java:1037)
	at org.apache.maven.surefire.testng.TestNGExecutor.run(TestNGExecutor.java:151)
	at org.apache.maven.surefire.testng.TestNGDirectoryTestSuite.executeMulti(TestNGDirectoryTestSuite.java:192)
	at org.apache.maven.surefire.testng.TestNGDirectoryTestSuite.execute(TestNGDirectoryTestSuite.java:93)
	at org.apache.maven.surefire.testng.TestNGProvider.invoke(TestNGProvider.java:155)
	at org.apache.maven.surefire.booter.ForkedBooter.runSuitesInProcess(ForkedBooter.java:456)
	at org.apache.maven.surefire.booter.ForkedBooter.execute(ForkedBooter.java:169)
	at org.apache.maven.surefire.booter.ForkedBooter.run(ForkedBooter.java:595)
	at org.apache.maven.surefire.booter.ForkedBooter.main(ForkedBooter.java:581)
Caused by: com.pega.exceptions.PegaWebDriverException: Please check for Global Settings Properties file path
Build info: version: &apos;4.2.2&apos;, revision: &apos;683ccb65d6&apos;
System info: host: &apos;JAYABALAJI&apos;, ip: &apos;192.168.1.54&apos;, os.name: &apos;Windows 11&apos;, os.arch: &apos;amd64&apos;, os.version: &apos;10.0&apos;, java.version: &apos;21.0.2&apos;
Driver info: driver.version: unknown
	at com.pega.ConfigurationImpl.&lt;init&gt;(ConfigurationImpl.java:62)
	at com.pega.TestEnvironmentImpl.getConfiguration(TestEnvironmentImpl.java:308)
	at com.pega.TestEnvironmentImpl.&lt;init&gt;(TestEnvironmentImpl.java:79)
	at com.pega.config.test.TestBase.&lt;init&gt;(TestBase.java:41)
	at com.pega.CRMTestEnvironment.&lt;init&gt;(CRMTestEnvironment.java:42)
	at com.pega.CRMTestEnvironment$$FastClassByGuice$$2054c.GUICE$TRAMPOLINE(&lt;generated&gt;)
	at com.pega.CRMTestEnvironment$$FastClassByGuice$$2054c.apply(&lt;generated&gt;)
	at com.google.inject.internal.DefaultConstructionProxyFactory$FastClassProxy.newInstance(DefaultConstructionProxyFactory.java:82)
	at com.google.inject.internal.ConstructorInjector.provision(ConstructorInjector.java:114)
	at com.google.inject.internal.ConstructorInjector.construct(ConstructorInjector.java:91)
	at com.google.inject.internal.ConstructorBindingImpl$Factory.get(ConstructorBindingImpl.java:300)
	at com.google.inject.internal.ProviderToInternalFactoryAdapter.get(ProviderToInternalFactoryAdapter.java:40)
	at io.cucumber.guice.SequentialScenarioScope.lambda$scope$0(SequentialScenarioScope.java:40)
	at com.google.inject.internal.InternalFactoryToProviderAdapter.get(InternalFactoryToProviderAdapter.java:45)
	at com.google.inject.internal.InjectorImpl$1.get(InjectorImpl.java:1148)
	... 48 more
Caused by: java.io.FileNotFoundException: Data\GlobalProperties.properties (The system cannot find the file specified)
	at java.base/java.io.FileInputStream.open0(Native Method)
	at java.base/java.io.FileInputStream.open(FileInputStream.java:213)
	at java.base/java.io.FileInputStream.&lt;init&gt;(FileInputStream.java:152)
	at com.pega.ConfigurationImpl.&lt;init&gt;(ConfigurationImpl.java:60)
	... 62 more
</pre></div></td>
<td>0</td>
<td>RunCukesTest@6d2a209c</td></tr>
<tr>
<td title='RunCukesTest.runScenario()'><b>runScenario</b><br>Test class: RunCukesTest<br>Test method: Runs Cucumber Scenarios<br>Parameters: "Closing the Opportunity", "Optional[Basic Opportunity flows]"</td>
<td><div><pre>com.google.inject.ProvisionException: Unable to provision, see the following errors:

1) [Guice/ErrorInjectingConstructor]: PegaWebDriverException: Please check for Global Settings Properties file path
Build info: version: &apos;4.2.2&apos;, revision: &apos;683ccb65d6&apos;
System info: host: &apos;JAYABALAJI&apos;, ip: &apos;192.168.1.54&apos;, os.name: &apos;Windows 11&apos;, os.arch: &apos;amd64&apos;, os.version: &apos;10.0&apos;, java.version: &apos;21.0.2&apos;
Driver info: driver.version: unknown
  at CRMTestEnvironment.&lt;init&gt;(CRMTestEnvironment.java:42)
  at CRMTestEnvironment.class(CRMTestEnvironment.java:42)
  while locating CRMTestEnvironment

Learn more:
  https://github.com/google/guice/wiki/ERROR_INJECTING_CONSTRUCTOR

1 error

======================
Full classname legend:
======================
CRMTestEnvironment:     &quot;com.pega.CRMTestEnvironment&quot;
PegaWebDriverException: &quot;com.pega.exceptions.PegaWebDriverException&quot;
========================
End of classname legend:
========================

	at com.google.inject.internal.InternalProvisionException.toProvisionException(InternalProvisionException.java:251)
	at com.google.inject.internal.InjectorImpl$1.get(InjectorImpl.java:1151)
	at com.google.inject.internal.InjectorImpl.getInstance(InjectorImpl.java:1186)
	at io.cucumber.guice.GuiceFactory.getInstance(GuiceFactory.java:83)
	at io.cucumber.java.AbstractGlueDefinition.invokeMethod(AbstractGlueDefinition.java:47)
	at io.cucumber.java.JavaHookDefinition.execute(JavaHookDefinition.java:64)
	at io.cucumber.core.runner.CoreHookDefinition.execute(CoreHookDefinition.java:46)
	at io.cucumber.core.runner.HookDefinitionMatch.runStep(HookDefinitionMatch.java:21)
	at io.cucumber.core.runner.ExecutionMode$1.execute(ExecutionMode.java:10)
	at io.cucumber.core.runner.TestStep.executeStep(TestStep.java:86)
	at io.cucumber.core.runner.TestStep.run(TestStep.java:57)
	at io.cucumber.core.runner.TestCase.run(TestCase.java:89)
	at io.cucumber.core.runner.Runner.runPickle(Runner.java:75)
	at io.cucumber.testng.TestNGCucumberRunner.lambda$runScenario$1(TestNGCucumberRunner.java:132)
	at io.cucumber.core.runtime.CucumberExecutionContext.lambda$runTestCase$3(CucumberExecutionContext.java:151)
	at io.cucumber.core.runtime.RethrowingThrowableCollector.executeAndThrow(RethrowingThrowableCollector.java:23)
	at io.cucumber.core.runtime.CucumberExecutionContext.runTestCase(CucumberExecutionContext.java:151)
	at io.cucumber.testng.TestNGCucumberRunner.runScenario(TestNGCucumberRunner.java:129)
	at io.cucumber.testng.AbstractTestNGCucumberTests.runScenario(AbstractTestNGCucumberTests.java:35)
	at java.base/java.util.ArrayList.forEach(ArrayList.java:1596)
Caused by: com.pega.exceptions.PegaWebDriverException: Please check for Global Settings Properties file path
Build info: version: &apos;4.2.2&apos;, revision: &apos;683ccb65d6&apos;
System info: host: &apos;JAYABALAJI&apos;, ip: &apos;192.168.1.54&apos;, os.name: &apos;Windows 11&apos;, os.arch: &apos;amd64&apos;, os.version: &apos;10.0&apos;, java.version: &apos;21.0.2&apos;
Driver info: driver.version: unknown
	at com.pega.ConfigurationImpl.&lt;init&gt;(ConfigurationImpl.java:62)
	at com.pega.TestEnvironmentImpl.getConfiguration(TestEnvironmentImpl.java:308)
	at com.pega.TestEnvironmentImpl.&lt;init&gt;(TestEnvironmentImpl.java:79)
	at com.pega.config.test.TestBase.&lt;init&gt;(TestBase.java:41)
	at com.pega.CRMTestEnvironment.&lt;init&gt;(CRMTestEnvironment.java:42)
	at com.pega.CRMTestEnvironment$$FastClassByGuice$$2054c.GUICE$TRAMPOLINE(&lt;generated&gt;)
	at com.pega.CRMTestEnvironment$$FastClassByGuice$$2054c.apply(&lt;generated&gt;)
	at com.google.inject.internal.DefaultConstructionProxyFactory$FastClassProxy.newInstance(DefaultConstructionProxyFactory.java:82)
	at com.google.inject.internal.ConstructorInjector.provision(ConstructorInjector.java:114)
	at com.google.inject.internal.ConstructorInjector.construct(ConstructorInjector.java:91)
	at com.google.inject.internal.ConstructorBindingImpl$Factory.get(ConstructorBindingImpl.java:300)
	at com.google.inject.internal.ProviderToInternalFactoryAdapter.get(ProviderToInternalFactoryAdapter.java:40)
	at io.cucumber.guice.SequentialScenarioScope.lambda$scope$0(SequentialScenarioScope.java:40)
	at com.google.inject.internal.InternalFactoryToProviderAdapter.get(InternalFactoryToProviderAdapter.java:45)
	at com.google.inject.internal.InjectorImpl$1.get(InjectorImpl.java:1148)
	... 48 more
Caused by: java.io.FileNotFoundException: Data\GlobalProperties.properties (The system cannot find the file specified)
	at java.base/java.io.FileInputStream.open0(Native Method)
	at java.base/java.io.FileInputStream.open(FileInputStream.java:213)
	at java.base/java.io.FileInputStream.&lt;init&gt;(FileInputStream.java:152)
	at com.pega.ConfigurationImpl.&lt;init&gt;(ConfigurationImpl.java:60)
	... 62 more
... Removed 30 stack frames</pre></div><a href='#' onClick='toggleBox("stack-trace2013853240", this, "Click to show all stack frames", "Click to hide stack frames")'>Click to show all stack frames</a>
<div class='stack-trace' id='stack-trace2013853240'><pre>com.google.inject.ProvisionException: Unable to provision, see the following errors:

1) [Guice/ErrorInjectingConstructor]: PegaWebDriverException: Please check for Global Settings Properties file path
Build info: version: &apos;4.2.2&apos;, revision: &apos;683ccb65d6&apos;
System info: host: &apos;JAYABALAJI&apos;, ip: &apos;192.168.1.54&apos;, os.name: &apos;Windows 11&apos;, os.arch: &apos;amd64&apos;, os.version: &apos;10.0&apos;, java.version: &apos;21.0.2&apos;
Driver info: driver.version: unknown
  at CRMTestEnvironment.&lt;init&gt;(CRMTestEnvironment.java:42)
  at CRMTestEnvironment.class(CRMTestEnvironment.java:42)
  while locating CRMTestEnvironment

Learn more:
  https://github.com/google/guice/wiki/ERROR_INJECTING_CONSTRUCTOR

1 error

======================
Full classname legend:
======================
CRMTestEnvironment:     &quot;com.pega.CRMTestEnvironment&quot;
PegaWebDriverException: &quot;com.pega.exceptions.PegaWebDriverException&quot;
========================
End of classname legend:
========================

	at com.google.inject.internal.InternalProvisionException.toProvisionException(InternalProvisionException.java:251)
	at com.google.inject.internal.InjectorImpl$1.get(InjectorImpl.java:1151)
	at com.google.inject.internal.InjectorImpl.getInstance(InjectorImpl.java:1186)
	at io.cucumber.guice.GuiceFactory.getInstance(GuiceFactory.java:83)
	at io.cucumber.java.AbstractGlueDefinition.invokeMethod(AbstractGlueDefinition.java:47)
	at io.cucumber.java.JavaHookDefinition.execute(JavaHookDefinition.java:64)
	at io.cucumber.core.runner.CoreHookDefinition.execute(CoreHookDefinition.java:46)
	at io.cucumber.core.runner.HookDefinitionMatch.runStep(HookDefinitionMatch.java:21)
	at io.cucumber.core.runner.ExecutionMode$1.execute(ExecutionMode.java:10)
	at io.cucumber.core.runner.TestStep.executeStep(TestStep.java:86)
	at io.cucumber.core.runner.TestStep.run(TestStep.java:57)
	at io.cucumber.core.runner.TestCase.run(TestCase.java:89)
	at io.cucumber.core.runner.Runner.runPickle(Runner.java:75)
	at io.cucumber.testng.TestNGCucumberRunner.lambda$runScenario$1(TestNGCucumberRunner.java:132)
	at io.cucumber.core.runtime.CucumberExecutionContext.lambda$runTestCase$3(CucumberExecutionContext.java:151)
	at io.cucumber.core.runtime.RethrowingThrowableCollector.executeAndThrow(RethrowingThrowableCollector.java:23)
	at io.cucumber.core.runtime.CucumberExecutionContext.runTestCase(CucumberExecutionContext.java:151)
	at io.cucumber.testng.TestNGCucumberRunner.runScenario(TestNGCucumberRunner.java:129)
	at io.cucumber.testng.AbstractTestNGCucumberTests.runScenario(AbstractTestNGCucumberTests.java:35)
	at java.base/jdk.internal.reflect.DirectMethodHandleAccessor.invoke(DirectMethodHandleAccessor.java:103)
	at java.base/java.lang.reflect.Method.invoke(Method.java:580)
	at org.testng.internal.MethodInvocationHelper.invokeMethod(MethodInvocationHelper.java:132)
	at org.testng.internal.TestInvoker.invokeMethod(TestInvoker.java:599)
	at org.testng.internal.TestInvoker.invokeTestMethod(TestInvoker.java:174)
	at org.testng.internal.MethodRunner.runInSequence(MethodRunner.java:46)
	at org.testng.internal.TestInvoker$MethodInvocationAgent.invoke(TestInvoker.java:822)
	at org.testng.internal.TestInvoker.invokeTestMethods(TestInvoker.java:147)
	at org.testng.internal.TestMethodWorker.invokeTestMethods(TestMethodWorker.java:146)
	at org.testng.internal.TestMethodWorker.run(TestMethodWorker.java:128)
	at java.base/java.util.ArrayList.forEach(ArrayList.java:1596)
	at org.testng.TestRunner.privateRun(TestRunner.java:764)
	at org.testng.TestRunner.run(TestRunner.java:585)
	at org.testng.SuiteRunner.runTest(SuiteRunner.java:384)
	at org.testng.SuiteRunner.runSequentially(SuiteRunner.java:378)
	at org.testng.SuiteRunner.privateRun(SuiteRunner.java:337)
	at org.testng.SuiteRunner.run(SuiteRunner.java:286)
	at org.testng.SuiteRunnerWorker.runSuite(SuiteRunnerWorker.java:53)
	at org.testng.SuiteRunnerWorker.run(SuiteRunnerWorker.java:96)
	at org.testng.TestNG.runSuitesSequentially(TestNG.java:1218)
	at org.testng.TestNG.runSuitesLocally(TestNG.java:1140)
	at org.testng.TestNG.runSuites(TestNG.java:1069)
	at org.testng.TestNG.run(TestNG.java:1037)
	at org.apache.maven.surefire.testng.TestNGExecutor.run(TestNGExecutor.java:151)
	at org.apache.maven.surefire.testng.TestNGDirectoryTestSuite.executeMulti(TestNGDirectoryTestSuite.java:192)
	at org.apache.maven.surefire.testng.TestNGDirectoryTestSuite.execute(TestNGDirectoryTestSuite.java:93)
	at org.apache.maven.surefire.testng.TestNGProvider.invoke(TestNGProvider.java:155)
	at org.apache.maven.surefire.booter.ForkedBooter.runSuitesInProcess(ForkedBooter.java:456)
	at org.apache.maven.surefire.booter.ForkedBooter.execute(ForkedBooter.java:169)
	at org.apache.maven.surefire.booter.ForkedBooter.run(ForkedBooter.java:595)
	at org.apache.maven.surefire.booter.ForkedBooter.main(ForkedBooter.java:581)
Caused by: com.pega.exceptions.PegaWebDriverException: Please check for Global Settings Properties file path
Build info: version: &apos;4.2.2&apos;, revision: &apos;683ccb65d6&apos;
System info: host: &apos;JAYABALAJI&apos;, ip: &apos;192.168.1.54&apos;, os.name: &apos;Windows 11&apos;, os.arch: &apos;amd64&apos;, os.version: &apos;10.0&apos;, java.version: &apos;21.0.2&apos;
Driver info: driver.version: unknown
	at com.pega.ConfigurationImpl.&lt;init&gt;(ConfigurationImpl.java:62)
	at com.pega.TestEnvironmentImpl.getConfiguration(TestEnvironmentImpl.java:308)
	at com.pega.TestEnvironmentImpl.&lt;init&gt;(TestEnvironmentImpl.java:79)
	at com.pega.config.test.TestBase.&lt;init&gt;(TestBase.java:41)
	at com.pega.CRMTestEnvironment.&lt;init&gt;(CRMTestEnvironment.java:42)
	at com.pega.CRMTestEnvironment$$FastClassByGuice$$2054c.GUICE$TRAMPOLINE(&lt;generated&gt;)
	at com.pega.CRMTestEnvironment$$FastClassByGuice$$2054c.apply(&lt;generated&gt;)
	at com.google.inject.internal.DefaultConstructionProxyFactory$FastClassProxy.newInstance(DefaultConstructionProxyFactory.java:82)
	at com.google.inject.internal.ConstructorInjector.provision(ConstructorInjector.java:114)
	at com.google.inject.internal.ConstructorInjector.construct(ConstructorInjector.java:91)
	at com.google.inject.internal.ConstructorBindingImpl$Factory.get(ConstructorBindingImpl.java:300)
	at com.google.inject.internal.ProviderToInternalFactoryAdapter.get(ProviderToInternalFactoryAdapter.java:40)
	at io.cucumber.guice.SequentialScenarioScope.lambda$scope$0(SequentialScenarioScope.java:40)
	at com.google.inject.internal.InternalFactoryToProviderAdapter.get(InternalFactoryToProviderAdapter.java:45)
	at com.google.inject.internal.InjectorImpl$1.get(InjectorImpl.java:1148)
	... 48 more
Caused by: java.io.FileNotFoundException: Data\GlobalProperties.properties (The system cannot find the file specified)
	at java.base/java.io.FileInputStream.open0(Native Method)
	at java.base/java.io.FileInputStream.open(FileInputStream.java:213)
	at java.base/java.io.FileInputStream.&lt;init&gt;(FileInputStream.java:152)
	at com.pega.ConfigurationImpl.&lt;init&gt;(ConfigurationImpl.java:60)
	... 62 more
</pre></div></td>
<td>0</td>
<td>RunCukesTest@6d2a209c</td></tr>
</table><p>
</body>
</html>