<?xml version="1.0" encoding="UTF-8"?>
<!-- Generated by org.testng.reporters.JUnitXMLReporter -->
<testsuite ignored="0" hostname="Jayabalaji" failures="3" tests="3" name="Surefire test" time="1.523" errors="0" timestamp="2024-03-08T11:26:41 IST">
  <testcase classname="io.cucumber.testng.AbstractTestNGCucumberTests" name="runScenario" time="0.354">
    <failure type="com.google.inject.ProvisionException" message="Unable to provision, see the following errors:

1) [Guice/ErrorInjectingConstructor]: PegaWebDriverException: Please check for Global Settings Properties file path
Build info: version: &amp;apos;4.2.2&amp;apos;, revision: &amp;apos;683ccb65d6&amp;apos;
System info: host: &amp;apos;JAYABALAJI&amp;apos;, ip: &amp;apos;192.168.1.54&amp;apos;, os.name: &amp;apos;Windows 11&amp;apos;, os.arch: &amp;apos;amd64&amp;apos;, os.version: &amp;apos;10.0&amp;apos;, java.version: &amp;apos;21.0.2&amp;apos;
Driver info: driver.version: unknown
  at CRMTestEnvironment.&amp;lt;init&amp;gt;(CRMTestEnvironment.java:42)
  at CRMTestEnvironment.class(CRMTestEnvironment.java:42)
  while locating CRMTestEnvironment

Learn more:
  https://github.com/google/guice/wiki/ERROR_INJECTING_CONSTRUCTOR

1 error

======================
Full classname legend:
======================
CRMTestEnvironment:     &amp;quot;com.pega.CRMTestEnvironment&amp;quot;
PegaWebDriverException: &amp;quot;com.pega.exceptions.PegaWebDriverException&amp;quot;
========================
End of classname legend:
========================
">
      <![CDATA[com.google.inject.ProvisionException: Unable to provision, see the following errors:

1) [Guice/ErrorInjectingConstructor]: PegaWebDriverException: Please check for Global Settings Properties file path
Build info: version: '4.2.2', revision: '683ccb65d6'
System info: host: 'JAYABALAJI', ip: '192.168.1.54', os.name: 'Windows 11', os.arch: 'amd64', os.version: '10.0', java.version: '21.0.2'
Driver info: driver.version: unknown
  at CRMTestEnvironment.<init>(CRMTestEnvironment.java:42)
  at CRMTestEnvironment.class(CRMTestEnvironment.java:42)
  while locating CRMTestEnvironment

Learn more:
  https://github.com/google/guice/wiki/ERROR_INJECTING_CONSTRUCTOR

1 error

======================
Full classname legend:
======================
CRMTestEnvironment:     "com.pega.CRMTestEnvironment"
PegaWebDriverException: "com.pega.exceptions.PegaWebDriverException"
========================
End of classname legend:
========================

at com.google.inject.internal.InternalProvisionException.toProvisionException(InternalProvisionException.java:251)
at com.google.inject.internal.InjectorImpl$1.get(InjectorImpl.java:1151)
at com.google.inject.internal.InjectorImpl.getInstance(InjectorImpl.java:1186)
at io.cucumber.guice.GuiceFactory.getInstance(GuiceFactory.java:83)
at io.cucumber.java.AbstractGlueDefinition.invokeMethod(AbstractGlueDefinition.java:47)
at io.cucumber.java.JavaHookDefinition.execute(JavaHookDefinition.java:64)
at io.cucumber.core.runner.CoreHookDefinition.execute(CoreHookDefinition.java:46)
at io.cucumber.core.runner.HookDefinitionMatch.runStep(HookDefinitionMatch.java:21)
at io.cucumber.core.runner.ExecutionMode$1.execute(ExecutionMode.java:10)
at io.cucumber.core.runner.TestStep.executeStep(TestStep.java:86)
at io.cucumber.core.runner.TestStep.run(TestStep.java:57)
at io.cucumber.core.runner.TestCase.run(TestCase.java:89)
at io.cucumber.core.runner.Runner.runPickle(Runner.java:75)
at io.cucumber.testng.TestNGCucumberRunner.lambda$runScenario$1(TestNGCucumberRunner.java:132)
at io.cucumber.core.runtime.CucumberExecutionContext.lambda$runTestCase$3(CucumberExecutionContext.java:151)
at io.cucumber.core.runtime.RethrowingThrowableCollector.executeAndThrow(RethrowingThrowableCollector.java:23)
at io.cucumber.core.runtime.CucumberExecutionContext.runTestCase(CucumberExecutionContext.java:151)
at io.cucumber.testng.TestNGCucumberRunner.runScenario(TestNGCucumberRunner.java:129)
at io.cucumber.testng.AbstractTestNGCucumberTests.runScenario(AbstractTestNGCucumberTests.java:35)
at java.base/java.util.ArrayList.forEach(ArrayList.java:1596)
Caused by: com.pega.exceptions.PegaWebDriverException: Please check for Global Settings Properties file path
Build info: version: '4.2.2', revision: '683ccb65d6'
System info: host: 'JAYABALAJI', ip: '192.168.1.54', os.name: 'Windows 11', os.arch: 'amd64', os.version: '10.0', java.version: '21.0.2'
Driver info: driver.version: unknown
at com.pega.ConfigurationImpl.<init>(ConfigurationImpl.java:62)
at com.pega.TestEnvironmentImpl.getConfiguration(TestEnvironmentImpl.java:308)
at com.pega.TestEnvironmentImpl.<init>(TestEnvironmentImpl.java:79)
at com.pega.config.test.TestBase.<init>(TestBase.java:41)
at com.pega.CRMTestEnvironment.<init>(CRMTestEnvironment.java:42)
at com.pega.CRMTestEnvironment$$FastClassByGuice$$2054c.GUICE$TRAMPOLINE(<generated>)
at com.pega.CRMTestEnvironment$$FastClassByGuice$$2054c.apply(<generated>)
at com.google.inject.internal.DefaultConstructionProxyFactory$FastClassProxy.newInstance(DefaultConstructionProxyFactory.java:82)
at com.google.inject.internal.ConstructorInjector.provision(ConstructorInjector.java:114)
at com.google.inject.internal.ConstructorInjector.construct(ConstructorInjector.java:91)
at com.google.inject.internal.ConstructorBindingImpl$Factory.get(ConstructorBindingImpl.java:300)
at com.google.inject.internal.ProviderToInternalFactoryAdapter.get(ProviderToInternalFactoryAdapter.java:40)
at io.cucumber.guice.SequentialScenarioScope.lambda$scope$0(SequentialScenarioScope.java:40)
at com.google.inject.internal.InternalFactoryToProviderAdapter.get(InternalFactoryToProviderAdapter.java:45)
at com.google.inject.internal.InjectorImpl$1.get(InjectorImpl.java:1148)
... 48 more
Caused by: java.io.FileNotFoundException: Data\GlobalProperties.properties (The system cannot find the file specified)
at java.base/java.io.FileInputStream.open0(Native Method)
at java.base/java.io.FileInputStream.open(FileInputStream.java:213)
at java.base/java.io.FileInputStream.<init>(FileInputStream.java:152)
at com.pega.ConfigurationImpl.<init>(ConfigurationImpl.java:60)
... 62 more
... Removed 30 stack frames]]>
    </failure>
  </testcase> <!-- runScenario -->
  <testcase classname="io.cucumber.testng.AbstractTestNGCucumberTests" name="runScenario" time="0.022">
    <failure type="com.google.inject.ProvisionException" message="Unable to provision, see the following errors:

1) [Guice/ErrorInjectingConstructor]: PegaWebDriverException: Please check for Global Settings Properties file path
Build info: version: &amp;apos;4.2.2&amp;apos;, revision: &amp;apos;683ccb65d6&amp;apos;
System info: host: &amp;apos;JAYABALAJI&amp;apos;, ip: &amp;apos;192.168.1.54&amp;apos;, os.name: &amp;apos;Windows 11&amp;apos;, os.arch: &amp;apos;amd64&amp;apos;, os.version: &amp;apos;10.0&amp;apos;, java.version: &amp;apos;21.0.2&amp;apos;
Driver info: driver.version: unknown
  at CRMTestEnvironment.&amp;lt;init&amp;gt;(CRMTestEnvironment.java:42)
  at CRMTestEnvironment.class(CRMTestEnvironment.java:42)
  while locating CRMTestEnvironment

Learn more:
  https://github.com/google/guice/wiki/ERROR_INJECTING_CONSTRUCTOR

1 error

======================
Full classname legend:
======================
CRMTestEnvironment:     &amp;quot;com.pega.CRMTestEnvironment&amp;quot;
PegaWebDriverException: &amp;quot;com.pega.exceptions.PegaWebDriverException&amp;quot;
========================
End of classname legend:
========================
">
      <![CDATA[com.google.inject.ProvisionException: Unable to provision, see the following errors:

1) [Guice/ErrorInjectingConstructor]: PegaWebDriverException: Please check for Global Settings Properties file path
Build info: version: '4.2.2', revision: '683ccb65d6'
System info: host: 'JAYABALAJI', ip: '192.168.1.54', os.name: 'Windows 11', os.arch: 'amd64', os.version: '10.0', java.version: '21.0.2'
Driver info: driver.version: unknown
  at CRMTestEnvironment.<init>(CRMTestEnvironment.java:42)
  at CRMTestEnvironment.class(CRMTestEnvironment.java:42)
  while locating CRMTestEnvironment

Learn more:
  https://github.com/google/guice/wiki/ERROR_INJECTING_CONSTRUCTOR

1 error

======================
Full classname legend:
======================
CRMTestEnvironment:     "com.pega.CRMTestEnvironment"
PegaWebDriverException: "com.pega.exceptions.PegaWebDriverException"
========================
End of classname legend:
========================

at com.google.inject.internal.InternalProvisionException.toProvisionException(InternalProvisionException.java:251)
at com.google.inject.internal.InjectorImpl$1.get(InjectorImpl.java:1151)
at com.google.inject.internal.InjectorImpl.getInstance(InjectorImpl.java:1186)
at io.cucumber.guice.GuiceFactory.getInstance(GuiceFactory.java:83)
at io.cucumber.java.AbstractGlueDefinition.invokeMethod(AbstractGlueDefinition.java:47)
at io.cucumber.java.JavaHookDefinition.execute(JavaHookDefinition.java:64)
at io.cucumber.core.runner.CoreHookDefinition.execute(CoreHookDefinition.java:46)
at io.cucumber.core.runner.HookDefinitionMatch.runStep(HookDefinitionMatch.java:21)
at io.cucumber.core.runner.ExecutionMode$1.execute(ExecutionMode.java:10)
at io.cucumber.core.runner.TestStep.executeStep(TestStep.java:86)
at io.cucumber.core.runner.TestStep.run(TestStep.java:57)
at io.cucumber.core.runner.TestCase.run(TestCase.java:89)
at io.cucumber.core.runner.Runner.runPickle(Runner.java:75)
at io.cucumber.testng.TestNGCucumberRunner.lambda$runScenario$1(TestNGCucumberRunner.java:132)
at io.cucumber.core.runtime.CucumberExecutionContext.lambda$runTestCase$3(CucumberExecutionContext.java:151)
at io.cucumber.core.runtime.RethrowingThrowableCollector.executeAndThrow(RethrowingThrowableCollector.java:23)
at io.cucumber.core.runtime.CucumberExecutionContext.runTestCase(CucumberExecutionContext.java:151)
at io.cucumber.testng.TestNGCucumberRunner.runScenario(TestNGCucumberRunner.java:129)
at io.cucumber.testng.AbstractTestNGCucumberTests.runScenario(AbstractTestNGCucumberTests.java:35)
at java.base/java.util.ArrayList.forEach(ArrayList.java:1596)
Caused by: com.pega.exceptions.PegaWebDriverException: Please check for Global Settings Properties file path
Build info: version: '4.2.2', revision: '683ccb65d6'
System info: host: 'JAYABALAJI', ip: '192.168.1.54', os.name: 'Windows 11', os.arch: 'amd64', os.version: '10.0', java.version: '21.0.2'
Driver info: driver.version: unknown
at com.pega.ConfigurationImpl.<init>(ConfigurationImpl.java:62)
at com.pega.TestEnvironmentImpl.getConfiguration(TestEnvironmentImpl.java:308)
at com.pega.TestEnvironmentImpl.<init>(TestEnvironmentImpl.java:79)
at com.pega.config.test.TestBase.<init>(TestBase.java:41)
at com.pega.CRMTestEnvironment.<init>(CRMTestEnvironment.java:42)
at com.pega.CRMTestEnvironment$$FastClassByGuice$$2054c.GUICE$TRAMPOLINE(<generated>)
at com.pega.CRMTestEnvironment$$FastClassByGuice$$2054c.apply(<generated>)
at com.google.inject.internal.DefaultConstructionProxyFactory$FastClassProxy.newInstance(DefaultConstructionProxyFactory.java:82)
at com.google.inject.internal.ConstructorInjector.provision(ConstructorInjector.java:114)
at com.google.inject.internal.ConstructorInjector.construct(ConstructorInjector.java:91)
at com.google.inject.internal.ConstructorBindingImpl$Factory.get(ConstructorBindingImpl.java:300)
at com.google.inject.internal.ProviderToInternalFactoryAdapter.get(ProviderToInternalFactoryAdapter.java:40)
at io.cucumber.guice.SequentialScenarioScope.lambda$scope$0(SequentialScenarioScope.java:40)
at com.google.inject.internal.InternalFactoryToProviderAdapter.get(InternalFactoryToProviderAdapter.java:45)
at com.google.inject.internal.InjectorImpl$1.get(InjectorImpl.java:1148)
... 48 more
Caused by: java.io.FileNotFoundException: Data\GlobalProperties.properties (The system cannot find the file specified)
at java.base/java.io.FileInputStream.open0(Native Method)
at java.base/java.io.FileInputStream.open(FileInputStream.java:213)
at java.base/java.io.FileInputStream.<init>(FileInputStream.java:152)
at com.pega.ConfigurationImpl.<init>(ConfigurationImpl.java:60)
... 62 more
... Removed 30 stack frames]]>
    </failure>
  </testcase> <!-- runScenario -->
  <testcase classname="io.cucumber.testng.AbstractTestNGCucumberTests" name="runScenario" time="0.02">
    <failure type="com.google.inject.ProvisionException" message="Unable to provision, see the following errors:

1) [Guice/ErrorInjectingConstructor]: PegaWebDriverException: Please check for Global Settings Properties file path
Build info: version: &amp;apos;4.2.2&amp;apos;, revision: &amp;apos;683ccb65d6&amp;apos;
System info: host: &amp;apos;JAYABALAJI&amp;apos;, ip: &amp;apos;192.168.1.54&amp;apos;, os.name: &amp;apos;Windows 11&amp;apos;, os.arch: &amp;apos;amd64&amp;apos;, os.version: &amp;apos;10.0&amp;apos;, java.version: &amp;apos;21.0.2&amp;apos;
Driver info: driver.version: unknown
  at CRMTestEnvironment.&amp;lt;init&amp;gt;(CRMTestEnvironment.java:42)
  at CRMTestEnvironment.class(CRMTestEnvironment.java:42)
  while locating CRMTestEnvironment

Learn more:
  https://github.com/google/guice/wiki/ERROR_INJECTING_CONSTRUCTOR

1 error

======================
Full classname legend:
======================
CRMTestEnvironment:     &amp;quot;com.pega.CRMTestEnvironment&amp;quot;
PegaWebDriverException: &amp;quot;com.pega.exceptions.PegaWebDriverException&amp;quot;
========================
End of classname legend:
========================
">
      <![CDATA[com.google.inject.ProvisionException: Unable to provision, see the following errors:

1) [Guice/ErrorInjectingConstructor]: PegaWebDriverException: Please check for Global Settings Properties file path
Build info: version: '4.2.2', revision: '683ccb65d6'
System info: host: 'JAYABALAJI', ip: '192.168.1.54', os.name: 'Windows 11', os.arch: 'amd64', os.version: '10.0', java.version: '21.0.2'
Driver info: driver.version: unknown
  at CRMTestEnvironment.<init>(CRMTestEnvironment.java:42)
  at CRMTestEnvironment.class(CRMTestEnvironment.java:42)
  while locating CRMTestEnvironment

Learn more:
  https://github.com/google/guice/wiki/ERROR_INJECTING_CONSTRUCTOR

1 error

======================
Full classname legend:
======================
CRMTestEnvironment:     "com.pega.CRMTestEnvironment"
PegaWebDriverException: "com.pega.exceptions.PegaWebDriverException"
========================
End of classname legend:
========================

at com.google.inject.internal.InternalProvisionException.toProvisionException(InternalProvisionException.java:251)
at com.google.inject.internal.InjectorImpl$1.get(InjectorImpl.java:1151)
at com.google.inject.internal.InjectorImpl.getInstance(InjectorImpl.java:1186)
at io.cucumber.guice.GuiceFactory.getInstance(GuiceFactory.java:83)
at io.cucumber.java.AbstractGlueDefinition.invokeMethod(AbstractGlueDefinition.java:47)
at io.cucumber.java.JavaHookDefinition.execute(JavaHookDefinition.java:64)
at io.cucumber.core.runner.CoreHookDefinition.execute(CoreHookDefinition.java:46)
at io.cucumber.core.runner.HookDefinitionMatch.runStep(HookDefinitionMatch.java:21)
at io.cucumber.core.runner.ExecutionMode$1.execute(ExecutionMode.java:10)
at io.cucumber.core.runner.TestStep.executeStep(TestStep.java:86)
at io.cucumber.core.runner.TestStep.run(TestStep.java:57)
at io.cucumber.core.runner.TestCase.run(TestCase.java:89)
at io.cucumber.core.runner.Runner.runPickle(Runner.java:75)
at io.cucumber.testng.TestNGCucumberRunner.lambda$runScenario$1(TestNGCucumberRunner.java:132)
at io.cucumber.core.runtime.CucumberExecutionContext.lambda$runTestCase$3(CucumberExecutionContext.java:151)
at io.cucumber.core.runtime.RethrowingThrowableCollector.executeAndThrow(RethrowingThrowableCollector.java:23)
at io.cucumber.core.runtime.CucumberExecutionContext.runTestCase(CucumberExecutionContext.java:151)
at io.cucumber.testng.TestNGCucumberRunner.runScenario(TestNGCucumberRunner.java:129)
at io.cucumber.testng.AbstractTestNGCucumberTests.runScenario(AbstractTestNGCucumberTests.java:35)
at java.base/java.util.ArrayList.forEach(ArrayList.java:1596)
Caused by: com.pega.exceptions.PegaWebDriverException: Please check for Global Settings Properties file path
Build info: version: '4.2.2', revision: '683ccb65d6'
System info: host: 'JAYABALAJI', ip: '192.168.1.54', os.name: 'Windows 11', os.arch: 'amd64', os.version: '10.0', java.version: '21.0.2'
Driver info: driver.version: unknown
at com.pega.ConfigurationImpl.<init>(ConfigurationImpl.java:62)
at com.pega.TestEnvironmentImpl.getConfiguration(TestEnvironmentImpl.java:308)
at com.pega.TestEnvironmentImpl.<init>(TestEnvironmentImpl.java:79)
at com.pega.config.test.TestBase.<init>(TestBase.java:41)
at com.pega.CRMTestEnvironment.<init>(CRMTestEnvironment.java:42)
at com.pega.CRMTestEnvironment$$FastClassByGuice$$2054c.GUICE$TRAMPOLINE(<generated>)
at com.pega.CRMTestEnvironment$$FastClassByGuice$$2054c.apply(<generated>)
at com.google.inject.internal.DefaultConstructionProxyFactory$FastClassProxy.newInstance(DefaultConstructionProxyFactory.java:82)
at com.google.inject.internal.ConstructorInjector.provision(ConstructorInjector.java:114)
at com.google.inject.internal.ConstructorInjector.construct(ConstructorInjector.java:91)
at com.google.inject.internal.ConstructorBindingImpl$Factory.get(ConstructorBindingImpl.java:300)
at com.google.inject.internal.ProviderToInternalFactoryAdapter.get(ProviderToInternalFactoryAdapter.java:40)
at io.cucumber.guice.SequentialScenarioScope.lambda$scope$0(SequentialScenarioScope.java:40)
at com.google.inject.internal.InternalFactoryToProviderAdapter.get(InternalFactoryToProviderAdapter.java:45)
at com.google.inject.internal.InjectorImpl$1.get(InjectorImpl.java:1148)
... 48 more
Caused by: java.io.FileNotFoundException: Data\GlobalProperties.properties (The system cannot find the file specified)
at java.base/java.io.FileInputStream.open0(Native Method)
at java.base/java.io.FileInputStream.open(FileInputStream.java:213)
at java.base/java.io.FileInputStream.<init>(FileInputStream.java:152)
at com.pega.ConfigurationImpl.<init>(ConfigurationImpl.java:60)
... 62 more
... Removed 30 stack frames]]>
    </failure>
  </testcase> <!-- runScenario -->
</testsuite> <!-- Surefire test -->
