[{"line":2,"elements":[{"line":5,"name":"","description":"","type":"background","keyword":"Background","steps":[{"result":{"status":"skipped"},"line":6,"name":"User logs in to SA Application as salesrep","match":{"location":"com.pega.CRMBrowser.user_logs_in_to_SA_Application_as_salesrep()"},"keyword":"Given "}]},{"start_timestamp":"2024-03-08T05:56:41.186Z","before":[{"result":{"error_message":"com.google.inject.ProvisionException: Unable to provision, see the following errors:\n\n1) [Guice/ErrorInjectingConstructor]: PegaWebDriverException: Please check for Global Settings Properties file path\nBuild info: version: '4.2.2', revision: '683ccb65d6'\nSystem info: host: 'JAYABALAJI', ip: '192.168.1.54', os.name: 'Windows 11', os.arch: 'amd64', os.version: '10.0', java.version: '21.0.2'\nDriver info: driver.version: unknown\n  at CRMTestEnvironment.<init>(CRMTestEnvironment.java:42)\n  at CRMTestEnvironment.class(CRMTestEnvironment.java:42)\n  while locating CRMTestEnvironment\n\nLearn more:\n  https://github.com/google/guice/wiki/ERROR_INJECTING_CONSTRUCTOR\n\n1 error\n\n======================\nFull classname legend:\n======================\nCRMTestEnvironment:     \"com.pega.CRMTestEnvironment\"\nPegaWebDriverException: \"com.pega.exceptions.PegaWebDriverException\"\n========================\nEnd of classname legend:\n========================\n\r\n\tat com.google.inject.internal.InternalProvisionException.toProvisionException(InternalProvisionException.java:251)\r\n\tat com.google.inject.internal.InjectorImpl$1.get(InjectorImpl.java:1151)\r\n\tat com.google.inject.internal.InjectorImpl.getInstance(InjectorImpl.java:1186)\r\n\tat io.cucumber.guice.GuiceFactory.getInstance(GuiceFactory.java:83)\r\n\tat io.cucumber.java.AbstractGlueDefinition.invokeMethod(AbstractGlueDefinition.java:47)\r\n\tat io.cucumber.java.JavaHookDefinition.execute(JavaHookDefinition.java:64)\r\n\tat io.cucumber.core.runner.CoreHookDefinition.execute(CoreHookDefinition.java:46)\r\n\tat io.cucumber.core.runner.HookDefinitionMatch.runStep(HookDefinitionMatch.java:21)\r\n\tat io.cucumber.core.runner.ExecutionMode$1.execute(ExecutionMode.java:10)\r\n\tat io.cucumber.core.runner.TestStep.executeStep(TestStep.java:86)\r\n\tat io.cucumber.core.runner.TestStep.run(TestStep.java:57)\r\n\tat io.cucumber.core.runner.TestCase.run(TestCase.java:89)\r\n\tat io.cucumber.core.runner.Runner.runPickle(Runner.java:75)\r\n\tat io.cucumber.testng.TestNGCucumberRunner.lambda$runScenario$1(TestNGCucumberRunner.java:132)\r\n\tat io.cucumber.core.runtime.CucumberExecutionContext.lambda$runTestCase$3(CucumberExecutionContext.java:151)\r\n\tat io.cucumber.core.runtime.RethrowingThrowableCollector.executeAndThrow(RethrowingThrowableCollector.java:23)\r\n\tat io.cucumber.core.runtime.CucumberExecutionContext.runTestCase(CucumberExecutionContext.java:151)\r\n\tat io.cucumber.testng.TestNGCucumberRunner.runScenario(TestNGCucumberRunner.java:129)\r\n\tat io.cucumber.testng.AbstractTestNGCucumberTests.runScenario(AbstractTestNGCucumberTests.java:35)\r\n\tat java.base/jdk.internal.reflect.DirectMethodHandleAccessor.invoke(DirectMethodHandleAccessor.java:103)\r\n\tat java.base/java.lang.reflect.Method.invoke(Method.java:580)\r\n\tat org.testng.internal.MethodInvocationHelper.invokeMethod(MethodInvocationHelper.java:132)\r\n\tat org.testng.internal.TestInvoker.invokeMethod(TestInvoker.java:599)\r\n\tat org.testng.internal.TestInvoker.invokeTestMethod(TestInvoker.java:174)\r\n\tat org.testng.internal.MethodRunner.runInSequence(MethodRunner.java:46)\r\n\tat org.testng.internal.TestInvoker$MethodInvocationAgent.invoke(TestInvoker.java:822)\r\n\tat org.testng.internal.TestInvoker.invokeTestMethods(TestInvoker.java:147)\r\n\tat org.testng.internal.TestMethodWorker.invokeTestMethods(TestMethodWorker.java:146)\r\n\tat org.testng.internal.TestMethodWorker.run(TestMethodWorker.java:128)\r\n\tat java.base/java.util.ArrayList.forEach(ArrayList.java:1596)\r\n\tat org.testng.TestRunner.privateRun(TestRunner.java:764)\r\n\tat org.testng.TestRunner.run(TestRunner.java:585)\r\n\tat org.testng.SuiteRunner.runTest(SuiteRunner.java:384)\r\n\tat org.testng.SuiteRunner.runSequentially(SuiteRunner.java:378)\r\n\tat org.testng.SuiteRunner.privateRun(SuiteRunner.java:337)\r\n\tat org.testng.SuiteRunner.run(SuiteRunner.java:286)\r\n\tat org.testng.SuiteRunnerWorker.runSuite(SuiteRunnerWorker.java:53)\r\n\tat org.testng.SuiteRunnerWorker.run(SuiteRunnerWorker.java:96)\r\n\tat org.testng.TestNG.runSuitesSequentially(TestNG.java:1218)\r\n\tat org.testng.TestNG.runSuitesLocally(TestNG.java:1140)\r\n\tat org.testng.TestNG.runSuites(TestNG.java:1069)\r\n\tat org.testng.TestNG.run(TestNG.java:1037)\r\n\tat org.apache.maven.surefire.testng.TestNGExecutor.run(TestNGExecutor.java:151)\r\n\tat org.apache.maven.surefire.testng.TestNGDirectoryTestSuite.executeMulti(TestNGDirectoryTestSuite.java:192)\r\n\tat org.apache.maven.surefire.testng.TestNGDirectoryTestSuite.execute(TestNGDirectoryTestSuite.java:93)\r\n\tat org.apache.maven.surefire.testng.TestNGProvider.invoke(TestNGProvider.java:155)\r\n\tat org.apache.maven.surefire.booter.ForkedBooter.runSuitesInProcess(ForkedBooter.java:456)\r\n\tat org.apache.maven.surefire.booter.ForkedBooter.execute(ForkedBooter.java:169)\r\n\tat org.apache.maven.surefire.booter.ForkedBooter.run(ForkedBooter.java:595)\r\n\tat org.apache.maven.surefire.booter.ForkedBooter.main(ForkedBooter.java:581)\r\nCaused by: com.pega.exceptions.PegaWebDriverException: Please check for Global Settings Properties file path\nBuild info: version: '4.2.2', revision: '683ccb65d6'\nSystem info: host: 'JAYABALAJI', ip: '192.168.1.54', os.name: 'Windows 11', os.arch: 'amd64', os.version: '10.0', java.version: '21.0.2'\nDriver info: driver.version: unknown\r\n\tat com.pega.ConfigurationImpl.<init>(ConfigurationImpl.java:62)\r\n\tat com.pega.TestEnvironmentImpl.getConfiguration(TestEnvironmentImpl.java:308)\r\n\tat com.pega.TestEnvironmentImpl.<init>(TestEnvironmentImpl.java:79)\r\n\tat com.pega.config.test.TestBase.<init>(TestBase.java:41)\r\n\tat com.pega.CRMTestEnvironment.<init>(CRMTestEnvironment.java:42)\r\n\tat com.pega.CRMTestEnvironment$$FastClassByGuice$$2054c.GUICE$TRAMPOLINE(<generated>)\r\n\tat com.pega.CRMTestEnvironment$$FastClassByGuice$$2054c.apply(<generated>)\r\n\tat com.google.inject.internal.DefaultConstructionProxyFactory$FastClassProxy.newInstance(DefaultConstructionProxyFactory.java:82)\r\n\tat com.google.inject.internal.ConstructorInjector.provision(ConstructorInjector.java:114)\r\n\tat com.google.inject.internal.ConstructorInjector.construct(ConstructorInjector.java:91)\r\n\tat com.google.inject.internal.ConstructorBindingImpl$Factory.get(ConstructorBindingImpl.java:300)\r\n\tat com.google.inject.internal.ProviderToInternalFactoryAdapter.get(ProviderToInternalFactoryAdapter.java:40)\r\n\tat io.cucumber.guice.SequentialScenarioScope.lambda$scope$0(SequentialScenarioScope.java:40)\r\n\tat com.google.inject.internal.InternalFactoryToProviderAdapter.get(InternalFactoryToProviderAdapter.java:45)\r\n\tat com.google.inject.internal.InjectorImpl$1.get(InjectorImpl.java:1148)\r\n\t... 48 more\r\nCaused by: java.io.FileNotFoundException: Data\\GlobalProperties.properties (The system cannot find the file specified)\r\n\tat java.base/java.io.FileInputStream.open0(Native Method)\r\n\tat java.base/java.io.FileInputStream.open(FileInputStream.java:213)\r\n\tat java.base/java.io.FileInputStream.<init>(FileInputStream.java:152)\r\n\tat com.pega.ConfigurationImpl.<init>(ConfigurationImpl.java:60)\r\n\t... 62 more\r\n","duration":102421700,"status":"failed"},"match":{"location":"com.pega.CRMTestEnvironment.setUp(io.cucumber.java.Scenario)"}}],"line":18,"name":"Creating a Business Opportunities","description":"","id":"basic-opportunity-flows;creating-a-business-opportunities;;2","after":[{"result":{"error_message":"com.google.inject.ProvisionException: Unable to provision, see the following errors:\n\n1) [Guice/ErrorInjectingConstructor]: PegaWebDriverException: Please check for Global Settings Properties file path\nBuild info: version: '4.2.2', revision: '683ccb65d6'\nSystem info: host: 'JAYABALAJI', ip: '192.168.1.54', os.name: 'Windows 11', os.arch: 'amd64', os.version: '10.0', java.version: '21.0.2'\nDriver info: driver.version: unknown\n  at CRMTestEnvironment.<init>(CRMTestEnvironment.java:42)\n  at CRMTestEnvironment.class(CRMTestEnvironment.java:42)\n  while locating CRMTestEnvironment\n\nLearn more:\n  https://github.com/google/guice/wiki/ERROR_INJECTING_CONSTRUCTOR\n\n1 error\n\n======================\nFull classname legend:\n======================\nCRMTestEnvironment:     \"com.pega.CRMTestEnvironment\"\nPegaWebDriverException: \"com.pega.exceptions.PegaWebDriverException\"\n========================\nEnd of classname legend:\n========================\n\r\n\tat com.google.inject.internal.InternalProvisionException.toProvisionException(InternalProvisionException.java:251)\r\n\tat com.google.inject.internal.InjectorImpl$1.get(InjectorImpl.java:1151)\r\n\tat com.google.inject.internal.InjectorImpl.getInstance(InjectorImpl.java:1186)\r\n\tat io.cucumber.guice.GuiceFactory.getInstance(GuiceFactory.java:83)\r\n\tat io.cucumber.java.AbstractGlueDefinition.invokeMethod(AbstractGlueDefinition.java:47)\r\n\tat io.cucumber.java.JavaHookDefinition.execute(JavaHookDefinition.java:64)\r\n\tat io.cucumber.core.runner.CoreHookDefinition.execute(CoreHookDefinition.java:46)\r\n\tat io.cucumber.core.runner.HookDefinitionMatch.runStep(HookDefinitionMatch.java:21)\r\n\tat io.cucumber.core.runner.ExecutionMode$1.execute(ExecutionMode.java:10)\r\n\tat io.cucumber.core.runner.TestStep.executeStep(TestStep.java:86)\r\n\tat io.cucumber.core.runner.TestStep.run(TestStep.java:57)\r\n\tat io.cucumber.core.runner.TestCase.run(TestCase.java:101)\r\n\tat io.cucumber.core.runner.Runner.runPickle(Runner.java:75)\r\n\tat io.cucumber.testng.TestNGCucumberRunner.lambda$runScenario$1(TestNGCucumberRunner.java:132)\r\n\tat io.cucumber.core.runtime.CucumberExecutionContext.lambda$runTestCase$3(CucumberExecutionContext.java:151)\r\n\tat io.cucumber.core.runtime.RethrowingThrowableCollector.executeAndThrow(RethrowingThrowableCollector.java:23)\r\n\tat io.cucumber.core.runtime.CucumberExecutionContext.runTestCase(CucumberExecutionContext.java:151)\r\n\tat io.cucumber.testng.TestNGCucumberRunner.runScenario(TestNGCucumberRunner.java:129)\r\n\tat io.cucumber.testng.AbstractTestNGCucumberTests.runScenario(AbstractTestNGCucumberTests.java:35)\r\n\tat java.base/jdk.internal.reflect.DirectMethodHandleAccessor.invoke(DirectMethodHandleAccessor.java:103)\r\n\tat java.base/java.lang.reflect.Method.invoke(Method.java:580)\r\n\tat org.testng.internal.MethodInvocationHelper.invokeMethod(MethodInvocationHelper.java:132)\r\n\tat org.testng.internal.TestInvoker.invokeMethod(TestInvoker.java:599)\r\n\tat org.testng.internal.TestInvoker.invokeTestMethod(TestInvoker.java:174)\r\n\tat org.testng.internal.MethodRunner.runInSequence(MethodRunner.java:46)\r\n\tat org.testng.internal.TestInvoker$MethodInvocationAgent.invoke(TestInvoker.java:822)\r\n\tat org.testng.internal.TestInvoker.invokeTestMethods(TestInvoker.java:147)\r\n\tat org.testng.internal.TestMethodWorker.invokeTestMethods(TestMethodWorker.java:146)\r\n\tat org.testng.internal.TestMethodWorker.run(TestMethodWorker.java:128)\r\n\tat java.base/java.util.ArrayList.forEach(ArrayList.java:1596)\r\n\tat org.testng.TestRunner.privateRun(TestRunner.java:764)\r\n\tat org.testng.TestRunner.run(TestRunner.java:585)\r\n\tat org.testng.SuiteRunner.runTest(SuiteRunner.java:384)\r\n\tat org.testng.SuiteRunner.runSequentially(SuiteRunner.java:378)\r\n\tat org.testng.SuiteRunner.privateRun(SuiteRunner.java:337)\r\n\tat org.testng.SuiteRunner.run(SuiteRunner.java:286)\r\n\tat org.testng.SuiteRunnerWorker.runSuite(SuiteRunnerWorker.java:53)\r\n\tat org.testng.SuiteRunnerWorker.run(SuiteRunnerWorker.java:96)\r\n\tat org.testng.TestNG.runSuitesSequentially(TestNG.java:1218)\r\n\tat org.testng.TestNG.runSuitesLocally(TestNG.java:1140)\r\n\tat org.testng.TestNG.runSuites(TestNG.java:1069)\r\n\tat org.testng.TestNG.run(TestNG.java:1037)\r\n\tat org.apache.maven.surefire.testng.TestNGExecutor.run(TestNGExecutor.java:151)\r\n\tat org.apache.maven.surefire.testng.TestNGDirectoryTestSuite.executeMulti(TestNGDirectoryTestSuite.java:192)\r\n\tat org.apache.maven.surefire.testng.TestNGDirectoryTestSuite.execute(TestNGDirectoryTestSuite.java:93)\r\n\tat org.apache.maven.surefire.testng.TestNGProvider.invoke(TestNGProvider.java:155)\r\n\tat org.apache.maven.surefire.booter.ForkedBooter.runSuitesInProcess(ForkedBooter.java:456)\r\n\tat org.apache.maven.surefire.booter.ForkedBooter.execute(ForkedBooter.java:169)\r\n\tat org.apache.maven.surefire.booter.ForkedBooter.run(ForkedBooter.java:595)\r\n\tat org.apache.maven.surefire.booter.ForkedBooter.main(ForkedBooter.java:581)\r\nCaused by: com.pega.exceptions.PegaWebDriverException: Please check for Global Settings Properties file path\nBuild info: version: '4.2.2', revision: '683ccb65d6'\nSystem info: host: 'JAYABALAJI', ip: '192.168.1.54', os.name: 'Windows 11', os.arch: 'amd64', os.version: '10.0', java.version: '21.0.2'\nDriver info: driver.version: unknown\r\n\tat com.pega.ConfigurationImpl.<init>(ConfigurationImpl.java:62)\r\n\tat com.pega.TestEnvironmentImpl.getConfiguration(TestEnvironmentImpl.java:308)\r\n\tat com.pega.TestEnvironmentImpl.<init>(TestEnvironmentImpl.java:79)\r\n\tat com.pega.config.test.TestBase.<init>(TestBase.java:41)\r\n\tat com.pega.CRMTestEnvironment.<init>(CRMTestEnvironment.java:42)\r\n\tat com.pega.CRMTestEnvironment$$FastClassByGuice$$2054c.GUICE$TRAMPOLINE(<generated>)\r\n\tat com.pega.CRMTestEnvironment$$FastClassByGuice$$2054c.apply(<generated>)\r\n\tat com.google.inject.internal.DefaultConstructionProxyFactory$FastClassProxy.newInstance(DefaultConstructionProxyFactory.java:82)\r\n\tat com.google.inject.internal.ConstructorInjector.provision(ConstructorInjector.java:114)\r\n\tat com.google.inject.internal.ConstructorInjector.construct(ConstructorInjector.java:91)\r\n\tat com.google.inject.internal.ConstructorBindingImpl$Factory.get(ConstructorBindingImpl.java:300)\r\n\tat com.google.inject.internal.ProviderToInternalFactoryAdapter.get(ProviderToInternalFactoryAdapter.java:40)\r\n\tat io.cucumber.guice.SequentialScenarioScope.lambda$scope$0(SequentialScenarioScope.java:40)\r\n\tat com.google.inject.internal.InternalFactoryToProviderAdapter.get(InternalFactoryToProviderAdapter.java:45)\r\n\tat com.google.inject.internal.InjectorImpl$1.get(InjectorImpl.java:1148)\r\n\t... 48 more\r\nCaused by: java.io.FileNotFoundException: Data\\GlobalProperties.properties (The system cannot find the file specified)\r\n\tat java.base/java.io.FileInputStream.open0(Native Method)\r\n\tat java.base/java.io.FileInputStream.open(FileInputStream.java:213)\r\n\tat java.base/java.io.FileInputStream.<init>(FileInputStream.java:152)\r\n\tat com.pega.ConfigurationImpl.<init>(ConfigurationImpl.java:60)\r\n\t... 62 more\r\n","duration":940000,"status":"failed"},"match":{"location":"com.pega.CRMTestEnvironment.tearDown(io.cucumber.java.Scenario)"}}],"type":"scenario","keyword":"Scenario Outline","steps":[{"result":{"status":"skipped"},"line":11,"name":"navigates to \"Opportunities\" List page","match":{"arguments":[{"val":"Opportunities","offset":14}],"location":"com.pega.CRMBrowser.navigates_to_page(java.lang.String)"},"keyword":"Given "},{"result":{"status":"skipped"},"line":12,"name":"users clicks on Create OpprotunityButton and selects \"Business\"","match":{"arguments":[{"val":"Business","offset":54}],"location":"com.pega.crm.salesautomation.stepdefs.Opportunity.users_clicks_on_Create_OpprtunityButton(java.lang.String)"},"keyword":"When "},{"result":{"status":"skipped"},"line":13,"name":"Enters all the mandatory data for \"Business\"","match":{"arguments":[{"val":"Business","offset":35}],"location":"com.pega.crm.salesautomation.stepdefs.Opportunity.enters_all_the_mandatory_data(java.lang.String)"},"keyword":"When "},{"result":{"status":"skipped"},"line":14,"name":"\"Business\" Opportunity should be created","match":{"arguments":[{"val":"Business","offset":1}],"location":"com.pega.crm.salesautomation.stepdefs.Opportunity.Bussiness_opprtunity_should_be_created(java.lang.String)"},"keyword":"Then "}],"tags":[{"name":"@opportunity"},{"name":"@smoke"},{"name":"@smoke-sales-automation"},{"name":"@TC-create-business-opportunity"}]},{"line":5,"name":"","description":"","type":"background","keyword":"Background","steps":[{"result":{"status":"skipped"},"line":6,"name":"User logs in to SA Application as salesrep","match":{"location":"com.pega.CRMBrowser.user_logs_in_to_SA_Application_as_salesrep()"},"keyword":"Given "}]},{"start_timestamp":"2024-03-08T05:56:41.358Z","before":[{"result":{"error_message":"com.google.inject.ProvisionException: Unable to provision, see the following errors:\n\n1) [Guice/ErrorInjectingConstructor]: PegaWebDriverException: Please check for Global Settings Properties file path\nBuild info: version: '4.2.2', revision: '683ccb65d6'\nSystem info: host: 'JAYABALAJI', ip: '192.168.1.54', os.name: 'Windows 11', os.arch: 'amd64', os.version: '10.0', java.version: '21.0.2'\nDriver info: driver.version: unknown\n  at CRMTestEnvironment.<init>(CRMTestEnvironment.java:42)\n  at CRMTestEnvironment.class(CRMTestEnvironment.java:42)\n  while locating CRMTestEnvironment\n\nLearn more:\n  https://github.com/google/guice/wiki/ERROR_INJECTING_CONSTRUCTOR\n\n1 error\n\n======================\nFull classname legend:\n======================\nCRMTestEnvironment:     \"com.pega.CRMTestEnvironment\"\nPegaWebDriverException: \"com.pega.exceptions.PegaWebDriverException\"\n========================\nEnd of classname legend:\n========================\n\r\n\tat com.google.inject.internal.InternalProvisionException.toProvisionException(InternalProvisionException.java:251)\r\n\tat com.google.inject.internal.InjectorImpl$1.get(InjectorImpl.java:1151)\r\n\tat com.google.inject.internal.InjectorImpl.getInstance(InjectorImpl.java:1186)\r\n\tat io.cucumber.guice.GuiceFactory.getInstance(GuiceFactory.java:83)\r\n\tat io.cucumber.java.AbstractGlueDefinition.invokeMethod(AbstractGlueDefinition.java:47)\r\n\tat io.cucumber.java.JavaHookDefinition.execute(JavaHookDefinition.java:64)\r\n\tat io.cucumber.core.runner.CoreHookDefinition.execute(CoreHookDefinition.java:46)\r\n\tat io.cucumber.core.runner.HookDefinitionMatch.runStep(HookDefinitionMatch.java:21)\r\n\tat io.cucumber.core.runner.ExecutionMode$1.execute(ExecutionMode.java:10)\r\n\tat io.cucumber.core.runner.TestStep.executeStep(TestStep.java:86)\r\n\tat io.cucumber.core.runner.TestStep.run(TestStep.java:57)\r\n\tat io.cucumber.core.runner.TestCase.run(TestCase.java:89)\r\n\tat io.cucumber.core.runner.Runner.runPickle(Runner.java:75)\r\n\tat io.cucumber.testng.TestNGCucumberRunner.lambda$runScenario$1(TestNGCucumberRunner.java:132)\r\n\tat io.cucumber.core.runtime.CucumberExecutionContext.lambda$runTestCase$3(CucumberExecutionContext.java:151)\r\n\tat io.cucumber.core.runtime.RethrowingThrowableCollector.executeAndThrow(RethrowingThrowableCollector.java:23)\r\n\tat io.cucumber.core.runtime.CucumberExecutionContext.runTestCase(CucumberExecutionContext.java:151)\r\n\tat io.cucumber.testng.TestNGCucumberRunner.runScenario(TestNGCucumberRunner.java:129)\r\n\tat io.cucumber.testng.AbstractTestNGCucumberTests.runScenario(AbstractTestNGCucumberTests.java:35)\r\n\tat java.base/jdk.internal.reflect.DirectMethodHandleAccessor.invoke(DirectMethodHandleAccessor.java:103)\r\n\tat java.base/java.lang.reflect.Method.invoke(Method.java:580)\r\n\tat org.testng.internal.MethodInvocationHelper.invokeMethod(MethodInvocationHelper.java:132)\r\n\tat org.testng.internal.TestInvoker.invokeMethod(TestInvoker.java:599)\r\n\tat org.testng.internal.TestInvoker.invokeTestMethod(TestInvoker.java:174)\r\n\tat org.testng.internal.MethodRunner.runInSequence(MethodRunner.java:46)\r\n\tat org.testng.internal.TestInvoker$MethodInvocationAgent.invoke(TestInvoker.java:822)\r\n\tat org.testng.internal.TestInvoker.invokeTestMethods(TestInvoker.java:147)\r\n\tat org.testng.internal.TestMethodWorker.invokeTestMethods(TestMethodWorker.java:146)\r\n\tat org.testng.internal.TestMethodWorker.run(TestMethodWorker.java:128)\r\n\tat java.base/java.util.ArrayList.forEach(ArrayList.java:1596)\r\n\tat org.testng.TestRunner.privateRun(TestRunner.java:764)\r\n\tat org.testng.TestRunner.run(TestRunner.java:585)\r\n\tat org.testng.SuiteRunner.runTest(SuiteRunner.java:384)\r\n\tat org.testng.SuiteRunner.runSequentially(SuiteRunner.java:378)\r\n\tat org.testng.SuiteRunner.privateRun(SuiteRunner.java:337)\r\n\tat org.testng.SuiteRunner.run(SuiteRunner.java:286)\r\n\tat org.testng.SuiteRunnerWorker.runSuite(SuiteRunnerWorker.java:53)\r\n\tat org.testng.SuiteRunnerWorker.run(SuiteRunnerWorker.java:96)\r\n\tat org.testng.TestNG.runSuitesSequentially(TestNG.java:1218)\r\n\tat org.testng.TestNG.runSuitesLocally(TestNG.java:1140)\r\n\tat org.testng.TestNG.runSuites(TestNG.java:1069)\r\n\tat org.testng.TestNG.run(TestNG.java:1037)\r\n\tat org.apache.maven.surefire.testng.TestNGExecutor.run(TestNGExecutor.java:151)\r\n\tat org.apache.maven.surefire.testng.TestNGDirectoryTestSuite.executeMulti(TestNGDirectoryTestSuite.java:192)\r\n\tat org.apache.maven.surefire.testng.TestNGDirectoryTestSuite.execute(TestNGDirectoryTestSuite.java:93)\r\n\tat org.apache.maven.surefire.testng.TestNGProvider.invoke(TestNGProvider.java:155)\r\n\tat org.apache.maven.surefire.booter.ForkedBooter.runSuitesInProcess(ForkedBooter.java:456)\r\n\tat org.apache.maven.surefire.booter.ForkedBooter.execute(ForkedBooter.java:169)\r\n\tat org.apache.maven.surefire.booter.ForkedBooter.run(ForkedBooter.java:595)\r\n\tat org.apache.maven.surefire.booter.ForkedBooter.main(ForkedBooter.java:581)\r\nCaused by: com.pega.exceptions.PegaWebDriverException: Please check for Global Settings Properties file path\nBuild info: version: '4.2.2', revision: '683ccb65d6'\nSystem info: host: 'JAYABALAJI', ip: '192.168.1.54', os.name: 'Windows 11', os.arch: 'amd64', os.version: '10.0', java.version: '21.0.2'\nDriver info: driver.version: unknown\r\n\tat com.pega.ConfigurationImpl.<init>(ConfigurationImpl.java:62)\r\n\tat com.pega.TestEnvironmentImpl.getConfiguration(TestEnvironmentImpl.java:308)\r\n\tat com.pega.TestEnvironmentImpl.<init>(TestEnvironmentImpl.java:79)\r\n\tat com.pega.config.test.TestBase.<init>(TestBase.java:41)\r\n\tat com.pega.CRMTestEnvironment.<init>(CRMTestEnvironment.java:42)\r\n\tat com.pega.CRMTestEnvironment$$FastClassByGuice$$2054c.GUICE$TRAMPOLINE(<generated>)\r\n\tat com.pega.CRMTestEnvironment$$FastClassByGuice$$2054c.apply(<generated>)\r\n\tat com.google.inject.internal.DefaultConstructionProxyFactory$FastClassProxy.newInstance(DefaultConstructionProxyFactory.java:82)\r\n\tat com.google.inject.internal.ConstructorInjector.provision(ConstructorInjector.java:114)\r\n\tat com.google.inject.internal.ConstructorInjector.construct(ConstructorInjector.java:91)\r\n\tat com.google.inject.internal.ConstructorBindingImpl$Factory.get(ConstructorBindingImpl.java:300)\r\n\tat com.google.inject.internal.ProviderToInternalFactoryAdapter.get(ProviderToInternalFactoryAdapter.java:40)\r\n\tat io.cucumber.guice.SequentialScenarioScope.lambda$scope$0(SequentialScenarioScope.java:40)\r\n\tat com.google.inject.internal.InternalFactoryToProviderAdapter.get(InternalFactoryToProviderAdapter.java:45)\r\n\tat com.google.inject.internal.InjectorImpl$1.get(InjectorImpl.java:1148)\r\n\t... 48 more\r\nCaused by: java.io.FileNotFoundException: Data\\GlobalProperties.properties (The system cannot find the file specified)\r\n\tat java.base/java.io.FileInputStream.open0(Native Method)\r\n\tat java.base/java.io.FileInputStream.open(FileInputStream.java:213)\r\n\tat java.base/java.io.FileInputStream.<init>(FileInputStream.java:152)\r\n\tat com.pega.ConfigurationImpl.<init>(ConfigurationImpl.java:60)\r\n\t... 62 more\r\n","duration":991100,"status":"failed"},"match":{"location":"com.pega.CRMTestEnvironment.setUp(io.cucumber.java.Scenario)"}}],"line":36,"name":"Updating the Stage of the \"Business\" opportunity","description":"","id":"basic-opportunity-flows;updating-the-stage-of-the-\"<opptype>\"-opportunity;;2","after":[{"result":{"error_message":"com.google.inject.ProvisionException: Unable to provision, see the following errors:\n\n1) [Guice/ErrorInjectingConstructor]: PegaWebDriverException: Please check for Global Settings Properties file path\nBuild info: version: '4.2.2', revision: '683ccb65d6'\nSystem info: host: 'JAYABALAJI', ip: '192.168.1.54', os.name: 'Windows 11', os.arch: 'amd64', os.version: '10.0', java.version: '21.0.2'\nDriver info: driver.version: unknown\n  at CRMTestEnvironment.<init>(CRMTestEnvironment.java:42)\n  at CRMTestEnvironment.class(CRMTestEnvironment.java:42)\n  while locating CRMTestEnvironment\n\nLearn more:\n  https://github.com/google/guice/wiki/ERROR_INJECTING_CONSTRUCTOR\n\n1 error\n\n======================\nFull classname legend:\n======================\nCRMTestEnvironment:     \"com.pega.CRMTestEnvironment\"\nPegaWebDriverException: \"com.pega.exceptions.PegaWebDriverException\"\n========================\nEnd of classname legend:\n========================\n\r\n\tat com.google.inject.internal.InternalProvisionException.toProvisionException(InternalProvisionException.java:251)\r\n\tat com.google.inject.internal.InjectorImpl$1.get(InjectorImpl.java:1151)\r\n\tat com.google.inject.internal.InjectorImpl.getInstance(InjectorImpl.java:1186)\r\n\tat io.cucumber.guice.GuiceFactory.getInstance(GuiceFactory.java:83)\r\n\tat io.cucumber.java.AbstractGlueDefinition.invokeMethod(AbstractGlueDefinition.java:47)\r\n\tat io.cucumber.java.JavaHookDefinition.execute(JavaHookDefinition.java:64)\r\n\tat io.cucumber.core.runner.CoreHookDefinition.execute(CoreHookDefinition.java:46)\r\n\tat io.cucumber.core.runner.HookDefinitionMatch.runStep(HookDefinitionMatch.java:21)\r\n\tat io.cucumber.core.runner.ExecutionMode$1.execute(ExecutionMode.java:10)\r\n\tat io.cucumber.core.runner.TestStep.executeStep(TestStep.java:86)\r\n\tat io.cucumber.core.runner.TestStep.run(TestStep.java:57)\r\n\tat io.cucumber.core.runner.TestCase.run(TestCase.java:101)\r\n\tat io.cucumber.core.runner.Runner.runPickle(Runner.java:75)\r\n\tat io.cucumber.testng.TestNGCucumberRunner.lambda$runScenario$1(TestNGCucumberRunner.java:132)\r\n\tat io.cucumber.core.runtime.CucumberExecutionContext.lambda$runTestCase$3(CucumberExecutionContext.java:151)\r\n\tat io.cucumber.core.runtime.RethrowingThrowableCollector.executeAndThrow(RethrowingThrowableCollector.java:23)\r\n\tat io.cucumber.core.runtime.CucumberExecutionContext.runTestCase(CucumberExecutionContext.java:151)\r\n\tat io.cucumber.testng.TestNGCucumberRunner.runScenario(TestNGCucumberRunner.java:129)\r\n\tat io.cucumber.testng.AbstractTestNGCucumberTests.runScenario(AbstractTestNGCucumberTests.java:35)\r\n\tat java.base/jdk.internal.reflect.DirectMethodHandleAccessor.invoke(DirectMethodHandleAccessor.java:103)\r\n\tat java.base/java.lang.reflect.Method.invoke(Method.java:580)\r\n\tat org.testng.internal.MethodInvocationHelper.invokeMethod(MethodInvocationHelper.java:132)\r\n\tat org.testng.internal.TestInvoker.invokeMethod(TestInvoker.java:599)\r\n\tat org.testng.internal.TestInvoker.invokeTestMethod(TestInvoker.java:174)\r\n\tat org.testng.internal.MethodRunner.runInSequence(MethodRunner.java:46)\r\n\tat org.testng.internal.TestInvoker$MethodInvocationAgent.invoke(TestInvoker.java:822)\r\n\tat org.testng.internal.TestInvoker.invokeTestMethods(TestInvoker.java:147)\r\n\tat org.testng.internal.TestMethodWorker.invokeTestMethods(TestMethodWorker.java:146)\r\n\tat org.testng.internal.TestMethodWorker.run(TestMethodWorker.java:128)\r\n\tat java.base/java.util.ArrayList.forEach(ArrayList.java:1596)\r\n\tat org.testng.TestRunner.privateRun(TestRunner.java:764)\r\n\tat org.testng.TestRunner.run(TestRunner.java:585)\r\n\tat org.testng.SuiteRunner.runTest(SuiteRunner.java:384)\r\n\tat org.testng.SuiteRunner.runSequentially(SuiteRunner.java:378)\r\n\tat org.testng.SuiteRunner.privateRun(SuiteRunner.java:337)\r\n\tat org.testng.SuiteRunner.run(SuiteRunner.java:286)\r\n\tat org.testng.SuiteRunnerWorker.runSuite(SuiteRunnerWorker.java:53)\r\n\tat org.testng.SuiteRunnerWorker.run(SuiteRunnerWorker.java:96)\r\n\tat org.testng.TestNG.runSuitesSequentially(TestNG.java:1218)\r\n\tat org.testng.TestNG.runSuitesLocally(TestNG.java:1140)\r\n\tat org.testng.TestNG.runSuites(TestNG.java:1069)\r\n\tat org.testng.TestNG.run(TestNG.java:1037)\r\n\tat org.apache.maven.surefire.testng.TestNGExecutor.run(TestNGExecutor.java:151)\r\n\tat org.apache.maven.surefire.testng.TestNGDirectoryTestSuite.executeMulti(TestNGDirectoryTestSuite.java:192)\r\n\tat org.apache.maven.surefire.testng.TestNGDirectoryTestSuite.execute(TestNGDirectoryTestSuite.java:93)\r\n\tat org.apache.maven.surefire.testng.TestNGProvider.invoke(TestNGProvider.java:155)\r\n\tat org.apache.maven.surefire.booter.ForkedBooter.runSuitesInProcess(ForkedBooter.java:456)\r\n\tat org.apache.maven.surefire.booter.ForkedBooter.execute(ForkedBooter.java:169)\r\n\tat org.apache.maven.surefire.booter.ForkedBooter.run(ForkedBooter.java:595)\r\n\tat org.apache.maven.surefire.booter.ForkedBooter.main(ForkedBooter.java:581)\r\nCaused by: com.pega.exceptions.PegaWebDriverException: Please check for Global Settings Properties file path\nBuild info: version: '4.2.2', revision: '683ccb65d6'\nSystem info: host: 'JAYABALAJI', ip: '192.168.1.54', os.name: 'Windows 11', os.arch: 'amd64', os.version: '10.0', java.version: '21.0.2'\nDriver info: driver.version: unknown\r\n\tat com.pega.ConfigurationImpl.<init>(ConfigurationImpl.java:62)\r\n\tat com.pega.TestEnvironmentImpl.getConfiguration(TestEnvironmentImpl.java:308)\r\n\tat com.pega.TestEnvironmentImpl.<init>(TestEnvironmentImpl.java:79)\r\n\tat com.pega.config.test.TestBase.<init>(TestBase.java:41)\r\n\tat com.pega.CRMTestEnvironment.<init>(CRMTestEnvironment.java:42)\r\n\tat com.pega.CRMTestEnvironment$$FastClassByGuice$$2054c.GUICE$TRAMPOLINE(<generated>)\r\n\tat com.pega.CRMTestEnvironment$$FastClassByGuice$$2054c.apply(<generated>)\r\n\tat com.google.inject.internal.DefaultConstructionProxyFactory$FastClassProxy.newInstance(DefaultConstructionProxyFactory.java:82)\r\n\tat com.google.inject.internal.ConstructorInjector.provision(ConstructorInjector.java:114)\r\n\tat com.google.inject.internal.ConstructorInjector.construct(ConstructorInjector.java:91)\r\n\tat com.google.inject.internal.ConstructorBindingImpl$Factory.get(ConstructorBindingImpl.java:300)\r\n\tat com.google.inject.internal.ProviderToInternalFactoryAdapter.get(ProviderToInternalFactoryAdapter.java:40)\r\n\tat io.cucumber.guice.SequentialScenarioScope.lambda$scope$0(SequentialScenarioScope.java:40)\r\n\tat com.google.inject.internal.InternalFactoryToProviderAdapter.get(InternalFactoryToProviderAdapter.java:45)\r\n\tat com.google.inject.internal.InjectorImpl$1.get(InjectorImpl.java:1148)\r\n\t... 48 more\r\nCaused by: java.io.FileNotFoundException: Data\\GlobalProperties.properties (The system cannot find the file specified)\r\n\tat java.base/java.io.FileInputStream.open0(Native Method)\r\n\tat java.base/java.io.FileInputStream.open(FileInputStream.java:213)\r\n\tat java.base/java.io.FileInputStream.<init>(FileInputStream.java:152)\r\n\tat com.pega.ConfigurationImpl.<init>(ConfigurationImpl.java:60)\r\n\t... 62 more\r\n","duration":1000100,"status":"failed"},"match":{"location":"com.pega.CRMTestEnvironment.tearDown(io.cucumber.java.Scenario)"}}],"type":"scenario","keyword":"Scenario Outline","steps":[{"result":{"status":"skipped"},"line":23,"name":"navigates to \"Opportunities\" List page","match":{"arguments":[{"val":"Opportunities","offset":14}],"location":"com.pega.CRMBrowser.navigates_to_page(java.lang.String)"},"keyword":"Given "},{"result":{"status":"skipped"},"line":24,"name":"users clicks on Create OpprotunityButton and selects \"Business\"","match":{"arguments":[{"val":"Business","offset":54}],"location":"com.pega.crm.salesautomation.stepdefs.Opportunity.users_clicks_on_Create_OpprtunityButton(java.lang.String)"},"keyword":"When "},{"result":{"status":"skipped"},"line":25,"name":"Enters all the mandatory data for \"Business\"","match":{"arguments":[{"val":"Business","offset":35}],"location":"com.pega.crm.salesautomation.stepdefs.Opportunity.enters_all_the_mandatory_data(java.lang.String)"},"keyword":"When "},{"result":{"status":"skipped"},"line":26,"name":"\"Business\" Opportunity should be created","match":{"arguments":[{"val":"Business","offset":1}],"location":"com.pega.crm.salesautomation.stepdefs.Opportunity.Bussiness_opprtunity_should_be_created(java.lang.String)"},"keyword":"Then "},{"result":{"status":"skipped"},"line":27,"name":"navigates to \"Opportunities\" List page","match":{"arguments":[{"val":"Opportunities","offset":14}],"location":"com.pega.CRMBrowser.navigates_to_page(java.lang.String)"},"keyword":"Given "},{"result":{"status":"skipped"},"line":28,"name":"user opens the \"Business\" opportunity with \"Automation opp for business\"","match":{"arguments":[{"val":"Business","offset":16},{"val":"Automation opp for business","offset":44}],"location":"com.pega.crm.salesautomation.stepdefs.Opportunity.user_opens_the_opportunity(java.lang.String,java.lang.String)"},"keyword":"When "},{"result":{"status":"skipped"},"line":29,"name":"clicks on Update Stage button","match":{"location":"com.pega.crm.salesautomation.stepdefs.Opportunity.clicks_on_Update_Stage_button()"},"keyword":"When "},{"result":{"status":"skipped"},"line":30,"name":"user should navigate to change stage page","match":{"location":"com.pega.crm.salesautomation.stepdefs.Opportunity.user_should_navigate_to_change_stage_page()"},"keyword":"Then "},{"result":{"status":"skipped"},"line":31,"name":"user updates the stage and submit the changes","match":{"location":"com.pega.crm.salesautomation.stepdefs.Opportunity.user_updates_the_stage_and_submit_the_changes()"},"keyword":"When "}],"tags":[{"name":"@opportunity"},{"name":"@smoke"},{"name":"@smoke-sales-automation"},{"name":"@TC-opportunity-change-stage"}]},{"line":5,"name":"","description":"","type":"background","keyword":"Background","steps":[{"result":{"status":"skipped"},"line":6,"name":"User logs in to SA Application as salesrep","match":{"location":"com.pega.CRMBrowser.user_logs_in_to_SA_Application_as_salesrep()"},"keyword":"Given "}]},{"start_timestamp":"2024-03-08T05:56:41.381Z","before":[{"result":{"error_message":"com.google.inject.ProvisionException: Unable to provision, see the following errors:\n\n1) [Guice/ErrorInjectingConstructor]: PegaWebDriverException: Please check for Global Settings Properties file path\nBuild info: version: '4.2.2', revision: '683ccb65d6'\nSystem info: host: 'JAYABALAJI', ip: '192.168.1.54', os.name: 'Windows 11', os.arch: 'amd64', os.version: '10.0', java.version: '21.0.2'\nDriver info: driver.version: unknown\n  at CRMTestEnvironment.<init>(CRMTestEnvironment.java:42)\n  at CRMTestEnvironment.class(CRMTestEnvironment.java:42)\n  while locating CRMTestEnvironment\n\nLearn more:\n  https://github.com/google/guice/wiki/ERROR_INJECTING_CONSTRUCTOR\n\n1 error\n\n======================\nFull classname legend:\n======================\nCRMTestEnvironment:     \"com.pega.CRMTestEnvironment\"\nPegaWebDriverException: \"com.pega.exceptions.PegaWebDriverException\"\n========================\nEnd of classname legend:\n========================\n\r\n\tat com.google.inject.internal.InternalProvisionException.toProvisionException(InternalProvisionException.java:251)\r\n\tat com.google.inject.internal.InjectorImpl$1.get(InjectorImpl.java:1151)\r\n\tat com.google.inject.internal.InjectorImpl.getInstance(InjectorImpl.java:1186)\r\n\tat io.cucumber.guice.GuiceFactory.getInstance(GuiceFactory.java:83)\r\n\tat io.cucumber.java.AbstractGlueDefinition.invokeMethod(AbstractGlueDefinition.java:47)\r\n\tat io.cucumber.java.JavaHookDefinition.execute(JavaHookDefinition.java:64)\r\n\tat io.cucumber.core.runner.CoreHookDefinition.execute(CoreHookDefinition.java:46)\r\n\tat io.cucumber.core.runner.HookDefinitionMatch.runStep(HookDefinitionMatch.java:21)\r\n\tat io.cucumber.core.runner.ExecutionMode$1.execute(ExecutionMode.java:10)\r\n\tat io.cucumber.core.runner.TestStep.executeStep(TestStep.java:86)\r\n\tat io.cucumber.core.runner.TestStep.run(TestStep.java:57)\r\n\tat io.cucumber.core.runner.TestCase.run(TestCase.java:89)\r\n\tat io.cucumber.core.runner.Runner.runPickle(Runner.java:75)\r\n\tat io.cucumber.testng.TestNGCucumberRunner.lambda$runScenario$1(TestNGCucumberRunner.java:132)\r\n\tat io.cucumber.core.runtime.CucumberExecutionContext.lambda$runTestCase$3(CucumberExecutionContext.java:151)\r\n\tat io.cucumber.core.runtime.RethrowingThrowableCollector.executeAndThrow(RethrowingThrowableCollector.java:23)\r\n\tat io.cucumber.core.runtime.CucumberExecutionContext.runTestCase(CucumberExecutionContext.java:151)\r\n\tat io.cucumber.testng.TestNGCucumberRunner.runScenario(TestNGCucumberRunner.java:129)\r\n\tat io.cucumber.testng.AbstractTestNGCucumberTests.runScenario(AbstractTestNGCucumberTests.java:35)\r\n\tat java.base/jdk.internal.reflect.DirectMethodHandleAccessor.invoke(DirectMethodHandleAccessor.java:103)\r\n\tat java.base/java.lang.reflect.Method.invoke(Method.java:580)\r\n\tat org.testng.internal.MethodInvocationHelper.invokeMethod(MethodInvocationHelper.java:132)\r\n\tat org.testng.internal.TestInvoker.invokeMethod(TestInvoker.java:599)\r\n\tat org.testng.internal.TestInvoker.invokeTestMethod(TestInvoker.java:174)\r\n\tat org.testng.internal.MethodRunner.runInSequence(MethodRunner.java:46)\r\n\tat org.testng.internal.TestInvoker$MethodInvocationAgent.invoke(TestInvoker.java:822)\r\n\tat org.testng.internal.TestInvoker.invokeTestMethods(TestInvoker.java:147)\r\n\tat org.testng.internal.TestMethodWorker.invokeTestMethods(TestMethodWorker.java:146)\r\n\tat org.testng.internal.TestMethodWorker.run(TestMethodWorker.java:128)\r\n\tat java.base/java.util.ArrayList.forEach(ArrayList.java:1596)\r\n\tat org.testng.TestRunner.privateRun(TestRunner.java:764)\r\n\tat org.testng.TestRunner.run(TestRunner.java:585)\r\n\tat org.testng.SuiteRunner.runTest(SuiteRunner.java:384)\r\n\tat org.testng.SuiteRunner.runSequentially(SuiteRunner.java:378)\r\n\tat org.testng.SuiteRunner.privateRun(SuiteRunner.java:337)\r\n\tat org.testng.SuiteRunner.run(SuiteRunner.java:286)\r\n\tat org.testng.SuiteRunnerWorker.runSuite(SuiteRunnerWorker.java:53)\r\n\tat org.testng.SuiteRunnerWorker.run(SuiteRunnerWorker.java:96)\r\n\tat org.testng.TestNG.runSuitesSequentially(TestNG.java:1218)\r\n\tat org.testng.TestNG.runSuitesLocally(TestNG.java:1140)\r\n\tat org.testng.TestNG.runSuites(TestNG.java:1069)\r\n\tat org.testng.TestNG.run(TestNG.java:1037)\r\n\tat org.apache.maven.surefire.testng.TestNGExecutor.run(TestNGExecutor.java:151)\r\n\tat org.apache.maven.surefire.testng.TestNGDirectoryTestSuite.executeMulti(TestNGDirectoryTestSuite.java:192)\r\n\tat org.apache.maven.surefire.testng.TestNGDirectoryTestSuite.execute(TestNGDirectoryTestSuite.java:93)\r\n\tat org.apache.maven.surefire.testng.TestNGProvider.invoke(TestNGProvider.java:155)\r\n\tat org.apache.maven.surefire.booter.ForkedBooter.runSuitesInProcess(ForkedBooter.java:456)\r\n\tat org.apache.maven.surefire.booter.ForkedBooter.execute(ForkedBooter.java:169)\r\n\tat org.apache.maven.surefire.booter.ForkedBooter.run(ForkedBooter.java:595)\r\n\tat org.apache.maven.surefire.booter.ForkedBooter.main(ForkedBooter.java:581)\r\nCaused by: com.pega.exceptions.PegaWebDriverException: Please check for Global Settings Properties file path\nBuild info: version: '4.2.2', revision: '683ccb65d6'\nSystem info: host: 'JAYABALAJI', ip: '192.168.1.54', os.name: 'Windows 11', os.arch: 'amd64', os.version: '10.0', java.version: '21.0.2'\nDriver info: driver.version: unknown\r\n\tat com.pega.ConfigurationImpl.<init>(ConfigurationImpl.java:62)\r\n\tat com.pega.TestEnvironmentImpl.getConfiguration(TestEnvironmentImpl.java:308)\r\n\tat com.pega.TestEnvironmentImpl.<init>(TestEnvironmentImpl.java:79)\r\n\tat com.pega.config.test.TestBase.<init>(TestBase.java:41)\r\n\tat com.pega.CRMTestEnvironment.<init>(CRMTestEnvironment.java:42)\r\n\tat com.pega.CRMTestEnvironment$$FastClassByGuice$$2054c.GUICE$TRAMPOLINE(<generated>)\r\n\tat com.pega.CRMTestEnvironment$$FastClassByGuice$$2054c.apply(<generated>)\r\n\tat com.google.inject.internal.DefaultConstructionProxyFactory$FastClassProxy.newInstance(DefaultConstructionProxyFactory.java:82)\r\n\tat com.google.inject.internal.ConstructorInjector.provision(ConstructorInjector.java:114)\r\n\tat com.google.inject.internal.ConstructorInjector.construct(ConstructorInjector.java:91)\r\n\tat com.google.inject.internal.ConstructorBindingImpl$Factory.get(ConstructorBindingImpl.java:300)\r\n\tat com.google.inject.internal.ProviderToInternalFactoryAdapter.get(ProviderToInternalFactoryAdapter.java:40)\r\n\tat io.cucumber.guice.SequentialScenarioScope.lambda$scope$0(SequentialScenarioScope.java:40)\r\n\tat com.google.inject.internal.InternalFactoryToProviderAdapter.get(InternalFactoryToProviderAdapter.java:45)\r\n\tat com.google.inject.internal.InjectorImpl$1.get(InjectorImpl.java:1148)\r\n\t... 48 more\r\nCaused by: java.io.FileNotFoundException: Data\\GlobalProperties.properties (The system cannot find the file specified)\r\n\tat java.base/java.io.FileInputStream.open0(Native Method)\r\n\tat java.base/java.io.FileInputStream.open(FileInputStream.java:213)\r\n\tat java.base/java.io.FileInputStream.<init>(FileInputStream.java:152)\r\n\tat com.pega.ConfigurationImpl.<init>(ConfigurationImpl.java:60)\r\n\t... 62 more\r\n","duration":998800,"status":"failed"},"match":{"location":"com.pega.CRMTestEnvironment.setUp(io.cucumber.java.Scenario)"}}],"line":53,"name":"Closing the Opportunity","description":"","id":"basic-opportunity-flows;closing-the-opportunity;;2","after":[{"result":{"error_message":"com.google.inject.ProvisionException: Unable to provision, see the following errors:\n\n1) [Guice/ErrorInjectingConstructor]: PegaWebDriverException: Please check for Global Settings Properties file path\nBuild info: version: '4.2.2', revision: '683ccb65d6'\nSystem info: host: 'JAYABALAJI', ip: '192.168.1.54', os.name: 'Windows 11', os.arch: 'amd64', os.version: '10.0', java.version: '21.0.2'\nDriver info: driver.version: unknown\n  at CRMTestEnvironment.<init>(CRMTestEnvironment.java:42)\n  at CRMTestEnvironment.class(CRMTestEnvironment.java:42)\n  while locating CRMTestEnvironment\n\nLearn more:\n  https://github.com/google/guice/wiki/ERROR_INJECTING_CONSTRUCTOR\n\n1 error\n\n======================\nFull classname legend:\n======================\nCRMTestEnvironment:     \"com.pega.CRMTestEnvironment\"\nPegaWebDriverException: \"com.pega.exceptions.PegaWebDriverException\"\n========================\nEnd of classname legend:\n========================\n\r\n\tat com.google.inject.internal.InternalProvisionException.toProvisionException(InternalProvisionException.java:251)\r\n\tat com.google.inject.internal.InjectorImpl$1.get(InjectorImpl.java:1151)\r\n\tat com.google.inject.internal.InjectorImpl.getInstance(InjectorImpl.java:1186)\r\n\tat io.cucumber.guice.GuiceFactory.getInstance(GuiceFactory.java:83)\r\n\tat io.cucumber.java.AbstractGlueDefinition.invokeMethod(AbstractGlueDefinition.java:47)\r\n\tat io.cucumber.java.JavaHookDefinition.execute(JavaHookDefinition.java:64)\r\n\tat io.cucumber.core.runner.CoreHookDefinition.execute(CoreHookDefinition.java:46)\r\n\tat io.cucumber.core.runner.HookDefinitionMatch.runStep(HookDefinitionMatch.java:21)\r\n\tat io.cucumber.core.runner.ExecutionMode$1.execute(ExecutionMode.java:10)\r\n\tat io.cucumber.core.runner.TestStep.executeStep(TestStep.java:86)\r\n\tat io.cucumber.core.runner.TestStep.run(TestStep.java:57)\r\n\tat io.cucumber.core.runner.TestCase.run(TestCase.java:101)\r\n\tat io.cucumber.core.runner.Runner.runPickle(Runner.java:75)\r\n\tat io.cucumber.testng.TestNGCucumberRunner.lambda$runScenario$1(TestNGCucumberRunner.java:132)\r\n\tat io.cucumber.core.runtime.CucumberExecutionContext.lambda$runTestCase$3(CucumberExecutionContext.java:151)\r\n\tat io.cucumber.core.runtime.RethrowingThrowableCollector.executeAndThrow(RethrowingThrowableCollector.java:23)\r\n\tat io.cucumber.core.runtime.CucumberExecutionContext.runTestCase(CucumberExecutionContext.java:151)\r\n\tat io.cucumber.testng.TestNGCucumberRunner.runScenario(TestNGCucumberRunner.java:129)\r\n\tat io.cucumber.testng.AbstractTestNGCucumberTests.runScenario(AbstractTestNGCucumberTests.java:35)\r\n\tat java.base/jdk.internal.reflect.DirectMethodHandleAccessor.invoke(DirectMethodHandleAccessor.java:103)\r\n\tat java.base/java.lang.reflect.Method.invoke(Method.java:580)\r\n\tat org.testng.internal.MethodInvocationHelper.invokeMethod(MethodInvocationHelper.java:132)\r\n\tat org.testng.internal.TestInvoker.invokeMethod(TestInvoker.java:599)\r\n\tat org.testng.internal.TestInvoker.invokeTestMethod(TestInvoker.java:174)\r\n\tat org.testng.internal.MethodRunner.runInSequence(MethodRunner.java:46)\r\n\tat org.testng.internal.TestInvoker$MethodInvocationAgent.invoke(TestInvoker.java:822)\r\n\tat org.testng.internal.TestInvoker.invokeTestMethods(TestInvoker.java:147)\r\n\tat org.testng.internal.TestMethodWorker.invokeTestMethods(TestMethodWorker.java:146)\r\n\tat org.testng.internal.TestMethodWorker.run(TestMethodWorker.java:128)\r\n\tat java.base/java.util.ArrayList.forEach(ArrayList.java:1596)\r\n\tat org.testng.TestRunner.privateRun(TestRunner.java:764)\r\n\tat org.testng.TestRunner.run(TestRunner.java:585)\r\n\tat org.testng.SuiteRunner.runTest(SuiteRunner.java:384)\r\n\tat org.testng.SuiteRunner.runSequentially(SuiteRunner.java:378)\r\n\tat org.testng.SuiteRunner.privateRun(SuiteRunner.java:337)\r\n\tat org.testng.SuiteRunner.run(SuiteRunner.java:286)\r\n\tat org.testng.SuiteRunnerWorker.runSuite(SuiteRunnerWorker.java:53)\r\n\tat org.testng.SuiteRunnerWorker.run(SuiteRunnerWorker.java:96)\r\n\tat org.testng.TestNG.runSuitesSequentially(TestNG.java:1218)\r\n\tat org.testng.TestNG.runSuitesLocally(TestNG.java:1140)\r\n\tat org.testng.TestNG.runSuites(TestNG.java:1069)\r\n\tat org.testng.TestNG.run(TestNG.java:1037)\r\n\tat org.apache.maven.surefire.testng.TestNGExecutor.run(TestNGExecutor.java:151)\r\n\tat org.apache.maven.surefire.testng.TestNGDirectoryTestSuite.executeMulti(TestNGDirectoryTestSuite.java:192)\r\n\tat org.apache.maven.surefire.testng.TestNGDirectoryTestSuite.execute(TestNGDirectoryTestSuite.java:93)\r\n\tat org.apache.maven.surefire.testng.TestNGProvider.invoke(TestNGProvider.java:155)\r\n\tat org.apache.maven.surefire.booter.ForkedBooter.runSuitesInProcess(ForkedBooter.java:456)\r\n\tat org.apache.maven.surefire.booter.ForkedBooter.execute(ForkedBooter.java:169)\r\n\tat org.apache.maven.surefire.booter.ForkedBooter.run(ForkedBooter.java:595)\r\n\tat org.apache.maven.surefire.booter.ForkedBooter.main(ForkedBooter.java:581)\r\nCaused by: com.pega.exceptions.PegaWebDriverException: Please check for Global Settings Properties file path\nBuild info: version: '4.2.2', revision: '683ccb65d6'\nSystem info: host: 'JAYABALAJI', ip: '192.168.1.54', os.name: 'Windows 11', os.arch: 'amd64', os.version: '10.0', java.version: '21.0.2'\nDriver info: driver.version: unknown\r\n\tat com.pega.ConfigurationImpl.<init>(ConfigurationImpl.java:62)\r\n\tat com.pega.TestEnvironmentImpl.getConfiguration(TestEnvironmentImpl.java:308)\r\n\tat com.pega.TestEnvironmentImpl.<init>(TestEnvironmentImpl.java:79)\r\n\tat com.pega.config.test.TestBase.<init>(TestBase.java:41)\r\n\tat com.pega.CRMTestEnvironment.<init>(CRMTestEnvironment.java:42)\r\n\tat com.pega.CRMTestEnvironment$$FastClassByGuice$$2054c.GUICE$TRAMPOLINE(<generated>)\r\n\tat com.pega.CRMTestEnvironment$$FastClassByGuice$$2054c.apply(<generated>)\r\n\tat com.google.inject.internal.DefaultConstructionProxyFactory$FastClassProxy.newInstance(DefaultConstructionProxyFactory.java:82)\r\n\tat com.google.inject.internal.ConstructorInjector.provision(ConstructorInjector.java:114)\r\n\tat com.google.inject.internal.ConstructorInjector.construct(ConstructorInjector.java:91)\r\n\tat com.google.inject.internal.ConstructorBindingImpl$Factory.get(ConstructorBindingImpl.java:300)\r\n\tat com.google.inject.internal.ProviderToInternalFactoryAdapter.get(ProviderToInternalFactoryAdapter.java:40)\r\n\tat io.cucumber.guice.SequentialScenarioScope.lambda$scope$0(SequentialScenarioScope.java:40)\r\n\tat com.google.inject.internal.InternalFactoryToProviderAdapter.get(InternalFactoryToProviderAdapter.java:45)\r\n\tat com.google.inject.internal.InjectorImpl$1.get(InjectorImpl.java:1148)\r\n\t... 48 more\r\nCaused by: java.io.FileNotFoundException: Data\\GlobalProperties.properties (The system cannot find the file specified)\r\n\tat java.base/java.io.FileInputStream.open0(Native Method)\r\n\tat java.base/java.io.FileInputStream.open(FileInputStream.java:213)\r\n\tat java.base/java.io.FileInputStream.<init>(FileInputStream.java:152)\r\n\tat com.pega.ConfigurationImpl.<init>(ConfigurationImpl.java:60)\r\n\t... 62 more\r\n","duration":995900,"status":"failed"},"match":{"location":"com.pega.CRMTestEnvironment.tearDown(io.cucumber.java.Scenario)"}}],"type":"scenario","keyword":"Scenario Outline","steps":[{"result":{"status":"skipped"},"line":41,"name":"navigates to \"Opportunities\" List page","match":{"arguments":[{"val":"Opportunities","offset":14}],"location":"com.pega.CRMBrowser.navigates_to_page(java.lang.String)"},"keyword":"Given "},{"result":{"status":"skipped"},"line":42,"name":"users clicks on Create OpprotunityButton and selects \"Business\"","match":{"arguments":[{"val":"Business","offset":54}],"location":"com.pega.crm.salesautomation.stepdefs.Opportunity.users_clicks_on_Create_OpprtunityButton(java.lang.String)"},"keyword":"When "},{"result":{"status":"skipped"},"line":43,"name":"Enters all the mandatory data for \"Business\"","match":{"arguments":[{"val":"Business","offset":35}],"location":"com.pega.crm.salesautomation.stepdefs.Opportunity.enters_all_the_mandatory_data(java.lang.String)"},"keyword":"When "},{"result":{"duration":1000800,"status":"skipped"},"line":44,"name":"\"Business\" Opportunity should be created","match":{"arguments":[{"val":"Business","offset":1}],"location":"com.pega.crm.salesautomation.stepdefs.Opportunity.Bussiness_opprtunity_should_be_created(java.lang.String)"},"keyword":"Then "},{"result":{"status":"skipped"},"line":45,"name":"navigates to \"Opportunities\" List page","match":{"arguments":[{"val":"Opportunities","offset":14}],"location":"com.pega.CRMBrowser.navigates_to_page(java.lang.String)"},"keyword":"Given "},{"result":{"status":"skipped"},"line":46,"name":"user opens the \"Business\" opportunity with \"Automation opp for business\"","match":{"arguments":[{"val":"Business","offset":16},{"val":"Automation opp for business","offset":44}],"location":"com.pega.crm.salesautomation.stepdefs.Opportunity.user_opens_the_opportunity(java.lang.String,java.lang.String)"},"keyword":"When "},{"result":{"status":"skipped"},"line":47,"name":"clicks on Close button for \"Business\" Opportunity","match":{"arguments":[{"val":"Business","offset":28}],"location":"com.pega.crm.salesautomation.stepdefs.Opportunity.clicks_on_Close_button_for_Opportunity(java.lang.String)"},"keyword":"When "},{"result":{"status":"skipped"},"line":48,"name":"user enters the reason for closing of opportunity and saves the changes","match":{"location":"com.pega.crm.salesautomation.stepdefs.Opportunity.user_enters_the_reason_for_closing_of_opportunity_and_saves_the_changes()"},"keyword":"When "},{"result":{"status":"skipped"},"line":49,"name":"\"Business\" opportunity should be closed","match":{"arguments":[{"val":"Business","offset":1}],"location":"com.pega.crm.salesautomation.stepdefs.Opportunity.opportunity_should_be_closed(java.lang.String)"},"keyword":"Then "}],"tags":[{"name":"@opportunity"},{"name":"@smoke"},{"name":"@smoke-sales-automation"},{"name":"@TC-close-opportunity"}]}],"name":"Basic Opportunity flows","description":"Tests covering the core Opportunity flow actions like Create, Change Stage and Closing an opportunity.","id":"basic-opportunity-flows","keyword":"Feature","uri":"classpath:salesautomation/features/Opportunity.feature","tags":[{"name":"@opportunity","type":"Tag","location":{"line":1,"column":1}},{"name":"@smoke","type":"Tag","location":{"line":1,"column":14}},{"name":"@smoke-sales-automation","type":"Tag","location":{"line":1,"column":21}}]}]